[1.593s] DEBUG:colcon:Command line arguments: ['/usr/bin/colcon', 'build']
[1.594s] DEBUG:colcon:Parsed command line arguments: Namespace(log_base=None, log_level=None, verb_name='build', build_base='build', install_base='install', merge_install=False, symlink_install=False, test_result_base=None, continue_on_error=False, executor='parallel', parallel_workers=4, event_handlers=None, ignore_user_meta=False, metas=['./colcon.meta'], base_paths=['.'], packages_ignore=None, packages_ignore_regex=None, paths=None, packages_up_to=None, packages_up_to_regex=None, packages_above=None, packages_above_and_dependencies=None, packages_above_depth=None, packages_select_by_dep=None, packages_skip_by_dep=None, packages_skip_up_to=None, packages_select_build_failed=False, packages_skip_build_finished=False, packages_select_test_failures=False, packages_skip_test_passed=False, packages_select=None, packages_skip=None, packages_select_regex=None, packages_skip_regex=None, packages_start=None, packages_end=None, allow_overriding=[], cmake_args=None, cmake_target=None, cmake_target_skip_unavailable=False, cmake_clean_cache=False, cmake_clean_first=False, cmake_force_configure=False, meson_args=[], ament_cmake_args=None, catkin_cmake_args=None, catkin_skip_building_tests=False, verb_parser=<colcon_defaults.argument_parser.defaults.DefaultArgumentsDecorator object at 0xffffbc81c410>, verb_extension=<colcon_core.verb.build.BuildVerb object at 0xffffbc9b8f80>, main=<bound method BuildVerb.main of <colcon_core.verb.build.BuildVerb object at 0xffffbc9b8f80>>)
[1.946s] Level 1:colcon.colcon_core.package_discovery:discover_packages(colcon_meta) check parameters
[1.946s] Level 1:colcon.colcon_core.package_discovery:discover_packages(recursive) check parameters
[1.946s] Level 1:colcon.colcon_core.package_discovery:discover_packages(ignore) check parameters
[1.947s] Level 1:colcon.colcon_core.package_discovery:discover_packages(path) check parameters
[1.947s] Level 1:colcon.colcon_core.package_discovery:discover_packages(colcon_meta) discover
[1.947s] Level 1:colcon.colcon_core.package_discovery:discover_packages(recursive) discover
[1.947s] INFO:colcon.colcon_core.package_discovery:Crawling recursively for packages in '/home/pi/picam_ws'
[1.948s] Level 1:colcon.colcon_core.package_identification:_identify(.) by extensions ['ignore', 'ignore_ament_install']
[1.948s] Level 1:colcon.colcon_core.package_identification:_identify(.) by extension 'ignore'
[1.948s] Level 1:colcon.colcon_core.package_identification:_identify(.) by extension 'ignore_ament_install'
[1.949s] Level 1:colcon.colcon_core.package_identification:_identify(.) by extensions ['colcon_pkg']
[1.949s] Level 1:colcon.colcon_core.package_identification:_identify(.) by extension 'colcon_pkg'
[1.949s] Level 1:colcon.colcon_core.package_identification:_identify(.) by extensions ['colcon_meta']
[1.949s] Level 1:colcon.colcon_core.package_identification:_identify(.) by extension 'colcon_meta'
[1.950s] Level 1:colcon.colcon_core.package_identification:_identify(.) by extensions ['ros']
[1.950s] Level 1:colcon.colcon_core.package_identification:_identify(.) by extension 'ros'
[2.119s] Level 1:colcon.colcon_core.package_identification:_identify(.) by extensions ['cmake', 'meson', 'python']
[2.119s] Level 1:colcon.colcon_core.package_identification:_identify(.) by extension 'cmake'
[2.120s] Level 1:colcon.colcon_core.package_identification:_identify(.) by extension 'meson'
[2.120s] Level 1:colcon.colcon_core.package_identification:_identify(.) by extension 'python'
[2.120s] Level 1:colcon.colcon_core.package_identification:_identify(.) by extensions ['python_setup_py']
[2.120s] Level 1:colcon.colcon_core.package_identification:_identify(.) by extension 'python_setup_py'
[2.121s] Level 1:colcon.colcon_core.package_identification:_identify(build) by extensions ['ignore', 'ignore_ament_install']
[2.121s] Level 1:colcon.colcon_core.package_identification:_identify(build) by extension 'ignore'
[2.121s] Level 1:colcon.colcon_core.package_identification:_identify(build) ignored
[2.122s] Level 1:colcon.colcon_core.package_identification:_identify(install) by extensions ['ignore', 'ignore_ament_install']
[2.122s] Level 1:colcon.colcon_core.package_identification:_identify(install) by extension 'ignore'
[2.123s] Level 1:colcon.colcon_core.package_identification:_identify(install) ignored
[2.123s] Level 1:colcon.colcon_core.package_identification:_identify(log) by extensions ['ignore', 'ignore_ament_install']
[2.123s] Level 1:colcon.colcon_core.package_identification:_identify(log) by extension 'ignore'
[2.124s] Level 1:colcon.colcon_core.package_identification:_identify(log) ignored
[2.124s] Level 1:colcon.colcon_core.package_identification:_identify(src) by extensions ['ignore', 'ignore_ament_install']
[2.124s] Level 1:colcon.colcon_core.package_identification:_identify(src) by extension 'ignore'
[2.125s] Level 1:colcon.colcon_core.package_identification:_identify(src) by extension 'ignore_ament_install'
[2.125s] Level 1:colcon.colcon_core.package_identification:_identify(src) by extensions ['colcon_pkg']
[2.125s] Level 1:colcon.colcon_core.package_identification:_identify(src) by extension 'colcon_pkg'
[2.125s] Level 1:colcon.colcon_core.package_identification:_identify(src) by extensions ['colcon_meta']
[2.125s] Level 1:colcon.colcon_core.package_identification:_identify(src) by extension 'colcon_meta'
[2.126s] Level 1:colcon.colcon_core.package_identification:_identify(src) by extensions ['ros']
[2.126s] Level 1:colcon.colcon_core.package_identification:_identify(src) by extension 'ros'
[2.126s] Level 1:colcon.colcon_core.package_identification:_identify(src) by extensions ['cmake', 'meson', 'python']
[2.126s] Level 1:colcon.colcon_core.package_identification:_identify(src) by extension 'cmake'
[2.126s] Level 1:colcon.colcon_core.package_identification:_identify(src) by extension 'meson'
[2.127s] Level 1:colcon.colcon_core.package_identification:_identify(src) by extension 'python'
[2.127s] Level 1:colcon.colcon_core.package_identification:_identify(src) by extensions ['python_setup_py']
[2.127s] Level 1:colcon.colcon_core.package_identification:_identify(src) by extension 'python_setup_py'
[2.128s] Level 1:colcon.colcon_core.package_identification:_identify(src/camera_ros) by extensions ['ignore', 'ignore_ament_install']
[2.128s] Level 1:colcon.colcon_core.package_identification:_identify(src/camera_ros) by extension 'ignore'
[2.128s] Level 1:colcon.colcon_core.package_identification:_identify(src/camera_ros) by extension 'ignore_ament_install'
[2.128s] Level 1:colcon.colcon_core.package_identification:_identify(src/camera_ros) by extensions ['colcon_pkg']
[2.129s] Level 1:colcon.colcon_core.package_identification:_identify(src/camera_ros) by extension 'colcon_pkg'
[2.129s] Level 1:colcon.colcon_core.package_identification:_identify(src/camera_ros) by extensions ['colcon_meta']
[2.129s] Level 1:colcon.colcon_core.package_identification:_identify(src/camera_ros) by extension 'colcon_meta'
[2.129s] Level 1:colcon.colcon_core.package_identification:_identify(src/camera_ros) by extensions ['ros']
[2.129s] Level 1:colcon.colcon_core.package_identification:_identify(src/camera_ros) by extension 'ros'
[2.165s] DEBUG:colcon.colcon_core.package_identification:Package 'src/camera_ros' with type 'ros.ament_cmake' and name 'camera_ros'
[2.166s] Level 1:colcon.colcon_core.package_identification:_identify(src/libcamera) by extensions ['ignore', 'ignore_ament_install']
[2.166s] Level 1:colcon.colcon_core.package_identification:_identify(src/libcamera) by extension 'ignore'
[2.166s] Level 1:colcon.colcon_core.package_identification:_identify(src/libcamera) by extension 'ignore_ament_install'
[2.167s] Level 1:colcon.colcon_core.package_identification:_identify(src/libcamera) by extensions ['colcon_pkg']
[2.167s] Level 1:colcon.colcon_core.package_identification:_identify(src/libcamera) by extension 'colcon_pkg'
[2.167s] Level 1:colcon.colcon_core.package_identification:_identify(src/libcamera) by extensions ['colcon_meta']
[2.167s] Level 1:colcon.colcon_core.package_identification:_identify(src/libcamera) by extension 'colcon_meta'
[2.168s] Level 1:colcon.colcon_core.package_identification:_identify(src/libcamera) by extensions ['ros']
[2.168s] Level 1:colcon.colcon_core.package_identification:_identify(src/libcamera) by extension 'ros'
[2.168s] Level 1:colcon.colcon_core.package_identification:_identify(src/libcamera) by extensions ['cmake', 'meson', 'python']
[2.168s] Level 1:colcon.colcon_core.package_identification:_identify(src/libcamera) by extension 'cmake'
[2.169s] Level 1:colcon.colcon_core.package_identification:_identify(src/libcamera) by extension 'meson'
[2.752s] INFO:colcon.colcon_meson.identification:'libcamera' dependencies: {'', 'qt6', 'libdrm', 'threads', 'libunwind', 'gstreamer-video-1.0', 'gnutls', 'libexif', 'gtest', 'python3', 'gstreamer-allocators-1.0', 'gstreamer-1.0', 'lttng-ust', 'libdw', 'SDL2', 'libtiff-4', 'libcros_camera', 'libjpeg', 'pybind11', 'libevent_pthreads', 'gstreamer-app-1.0', 'glib-2.0', 'yaml-0.1', 'libudev'}
[2.753s] Level 1:colcon.colcon_core.package_identification:_identify(src/libcamera) by extension 'python'
[2.753s] DEBUG:colcon.colcon_core.package_identification:Package 'src/libcamera' with type 'meson' and name 'libcamera'
[2.753s] Level 1:colcon.colcon_core.package_discovery:discover_packages(recursive) using defaults
[2.754s] Level 1:colcon.colcon_core.package_discovery:discover_packages(ignore) discover
[2.755s] Level 1:colcon.colcon_core.package_discovery:discover_packages(ignore) using defaults
[2.755s] Level 1:colcon.colcon_core.package_discovery:discover_packages(path) discover
[2.755s] Level 1:colcon.colcon_core.package_discovery:discover_packages(path) using defaults
[2.845s] Level 1:colcon.colcon_core.package_discovery:discover_packages(prefix_path) check parameters
[2.845s] Level 1:colcon.colcon_core.package_discovery:discover_packages(prefix_path) discover
[2.854s] WARNING:colcon.colcon_core.prefix_path.colcon:The path '/home/pi/camera_ws/install' in the environment variable COLCON_PREFIX_PATH doesn't exist
[2.855s] WARNING:colcon.colcon_ros.prefix_path.ament:The path '/home/pi/camera_ws/install/camera_ros' in the environment variable AMENT_PREFIX_PATH doesn't exist
[2.856s] WARNING:colcon.colcon_ros.prefix_path.catkin:The path '/home/pi/camera_ws/install/camera_ros' in the environment variable CMAKE_PREFIX_PATH doesn't exist
[2.862s] DEBUG:colcon.colcon_installed_package_information.package_discovery:Found 2 installed packages in /home/pi/picam_ws/install
[2.875s] DEBUG:colcon.colcon_installed_package_information.package_discovery:Found 294 installed packages in /opt/ros/jazzy
[2.880s] Level 1:colcon.colcon_core.package_discovery:discover_packages(prefix_path) using defaults
[3.176s] Level 5:colcon.colcon_core.verb:set package 'libcamera' build argument 'cmake_args' from command line to 'None'
[3.176s] Level 5:colcon.colcon_core.verb:set package 'libcamera' build argument 'cmake_target' from command line to 'None'
[3.176s] Level 5:colcon.colcon_core.verb:set package 'libcamera' build argument 'cmake_target_skip_unavailable' from command line to 'False'
[3.176s] Level 5:colcon.colcon_core.verb:set package 'libcamera' build argument 'cmake_clean_cache' from command line to 'False'
[3.176s] Level 5:colcon.colcon_core.verb:set package 'libcamera' build argument 'cmake_clean_first' from command line to 'False'
[3.176s] Level 5:colcon.colcon_core.verb:set package 'libcamera' build argument 'cmake_force_configure' from command line to 'False'
[3.177s] Level 5:colcon.colcon_core.verb:set package 'libcamera' build argument 'meson_args' from command line to '[]'
[3.177s] Level 5:colcon.colcon_core.verb:set package 'libcamera' build argument 'ament_cmake_args' from command line to 'None'
[3.177s] Level 5:colcon.colcon_core.verb:set package 'libcamera' build argument 'catkin_cmake_args' from command line to 'None'
[3.177s] Level 5:colcon.colcon_core.verb:set package 'libcamera' build argument 'catkin_skip_building_tests' from command line to 'False'
[3.177s] DEBUG:colcon.colcon_core.verb:Building package 'libcamera' with the following arguments: {'ament_cmake_args': None, 'build_base': '/home/pi/picam_ws/build/libcamera', 'catkin_cmake_args': None, 'catkin_skip_building_tests': False, 'cmake_args': None, 'cmake_clean_cache': False, 'cmake_clean_first': False, 'cmake_force_configure': False, 'cmake_target': None, 'cmake_target_skip_unavailable': False, 'install_base': '/home/pi/picam_ws/install/libcamera', 'merge_install': False, 'meson_args': [], 'path': '/home/pi/picam_ws/src/libcamera', 'symlink_install': False, 'test_result_base': None}
[3.241s] Level 5:colcon.colcon_core.verb:set package 'camera_ros' build argument 'cmake_args' from command line to 'None'
[3.242s] Level 5:colcon.colcon_core.verb:set package 'camera_ros' build argument 'cmake_target' from command line to 'None'
[3.242s] Level 5:colcon.colcon_core.verb:set package 'camera_ros' build argument 'cmake_target_skip_unavailable' from command line to 'False'
[3.242s] Level 5:colcon.colcon_core.verb:set package 'camera_ros' build argument 'cmake_clean_cache' from command line to 'False'
[3.242s] Level 5:colcon.colcon_core.verb:set package 'camera_ros' build argument 'cmake_clean_first' from command line to 'False'
[3.242s] Level 5:colcon.colcon_core.verb:set package 'camera_ros' build argument 'cmake_force_configure' from command line to 'False'
[3.242s] Level 5:colcon.colcon_core.verb:set package 'camera_ros' build argument 'meson_args' from command line to '[]'
[3.242s] Level 5:colcon.colcon_core.verb:set package 'camera_ros' build argument 'ament_cmake_args' from command line to 'None'
[3.242s] Level 5:colcon.colcon_core.verb:set package 'camera_ros' build argument 'catkin_cmake_args' from command line to 'None'
[3.243s] Level 5:colcon.colcon_core.verb:set package 'camera_ros' build argument 'catkin_skip_building_tests' from command line to 'False'
[3.243s] DEBUG:colcon.colcon_core.verb:Building package 'camera_ros' with the following arguments: {'ament_cmake_args': None, 'build_base': '/home/pi/picam_ws/build/camera_ros', 'catkin_cmake_args': None, 'catkin_skip_building_tests': False, 'cmake_args': None, 'cmake_clean_cache': False, 'cmake_clean_first': False, 'cmake_force_configure': False, 'cmake_target': None, 'cmake_target_skip_unavailable': False, 'install_base': '/home/pi/picam_ws/install/camera_ros', 'merge_install': False, 'meson_args': [], 'path': '/home/pi/picam_ws/src/camera_ros', 'symlink_install': False, 'test_result_base': None}
[3.243s] INFO:colcon.colcon_core.executor:Executing jobs using 'parallel' executor
[3.247s] DEBUG:colcon.colcon_parallel_executor.executor.parallel:run_until_complete
[3.270s] INFO:colcon.colcon_core.plugin_system:Skipping extension 'colcon_core.shell.bat': Not used on non-Windows systems
[3.271s] INFO:colcon.colcon_core.shell:Skip shell extension 'powershell' for command environment: Not usable outside of PowerShell
[3.272s] DEBUG:colcon.colcon_core.shell:Skip shell extension 'dsv' for command environment
[3.321s] DEBUG:colcon.colcon_meson.build:option 'prefix' changed from '/home/pi/camera_ws/install/libcamera' to '/home/pi/picam_ws/install/libcamera'
[3.322s] INFO:colcon.colcon_meson.build:reconfiguring 'libcamera' because configuration changed
[3.333s] DEBUG:colcon.colcon_core.event_handler.log_command:Invoking command in '/home/pi/picam_ws/build/libcamera': /usr/bin/meson setup --libdir=lib --prefix=/home/pi/picam_ws/install/libcamera --buildtype=release /home/pi/picam_ws/build/libcamera /home/pi/picam_ws/src/libcamera --reconfigure
[13.669s] DEBUG:colcon.colcon_core.event_handler.log_command:Invoked command in '/home/pi/picam_ws/build/libcamera' returned '0': /usr/bin/meson setup --libdir=lib --prefix=/home/pi/picam_ws/install/libcamera --buildtype=release /home/pi/picam_ws/build/libcamera /home/pi/picam_ws/src/libcamera --reconfigure
[13.670s] DEBUG:colcon.colcon_core.event_handler.log_command:Invoking command in '/home/pi/picam_ws/build/libcamera': /usr/bin/meson compile
[747.039s] DEBUG:colcon.colcon_core.event_handler.log_command:Invoked command in '/home/pi/picam_ws/build/libcamera' returned '0': /usr/bin/meson compile
[747.059s] DEBUG:colcon.colcon_core.event_handler.log_command:Invoking command in '/home/pi/picam_ws/build/libcamera': /usr/bin/meson install
[751.764s] Level 1:colcon.colcon_core.environment:create_environment_scripts_only(libcamera)
[751.765s] DEBUG:colcon.colcon_core.event_handler.log_command:Invoked command in '/home/pi/picam_ws/build/libcamera' returned '0': /usr/bin/meson install
[751.813s] Level 1:colcon.colcon_core.environment:checking '/home/pi/picam_ws/install/libcamera' for CMake module files
[751.817s] Level 1:colcon.colcon_core.environment:checking '/home/pi/picam_ws/install/libcamera' for CMake config files
[751.828s] Level 1:colcon.colcon_core.environment:checking '/home/pi/picam_ws/install/libcamera/lib'
[751.829s] Level 1:colcon.colcon_core.shell:create_environment_hook('libcamera', 'ld_library_path_lib')
[751.830s] INFO:colcon.colcon_core.shell:Creating environment hook '/home/pi/picam_ws/install/libcamera/share/libcamera/hook/ld_library_path_lib.ps1'
[751.834s] INFO:colcon.colcon_core.shell:Creating environment descriptor '/home/pi/picam_ws/install/libcamera/share/libcamera/hook/ld_library_path_lib.dsv'
[751.857s] INFO:colcon.colcon_core.shell:Creating environment hook '/home/pi/picam_ws/install/libcamera/share/libcamera/hook/ld_library_path_lib.sh'
[751.877s] Level 1:colcon.colcon_core.environment:checking '/home/pi/picam_ws/install/libcamera/libexec'
[751.878s] Level 1:colcon.colcon_core.environment:checking '/home/pi/picam_ws/install/libcamera/bin'
[751.879s] Level 1:colcon.colcon_core.shell:create_environment_hook('libcamera', 'path')
[751.880s] INFO:colcon.colcon_core.shell:Creating environment hook '/home/pi/picam_ws/install/libcamera/share/libcamera/hook/path.ps1'
[751.884s] INFO:colcon.colcon_core.shell:Creating environment descriptor '/home/pi/picam_ws/install/libcamera/share/libcamera/hook/path.dsv'
[751.903s] INFO:colcon.colcon_core.shell:Creating environment hook '/home/pi/picam_ws/install/libcamera/share/libcamera/hook/path.sh'
[751.907s] Level 1:colcon.colcon_core.environment:checking '/home/pi/picam_ws/install/libcamera/lib/pkgconfig/libcamera.pc'
[751.907s] Level 1:colcon.colcon_core.shell:create_environment_hook('libcamera', 'pkg_config')
[751.908s] INFO:colcon.colcon_core.shell:Creating environment hook '/home/pi/picam_ws/install/libcamera/share/libcamera/hook/pkg_config.ps1'
[751.924s] INFO:colcon.colcon_core.shell:Creating environment descriptor '/home/pi/picam_ws/install/libcamera/share/libcamera/hook/pkg_config.dsv'
[751.927s] INFO:colcon.colcon_core.shell:Creating environment hook '/home/pi/picam_ws/install/libcamera/share/libcamera/hook/pkg_config.sh'
[751.944s] Level 1:colcon.colcon_core.environment:checking '/home/pi/picam_ws/install/libcamera/lib/python3.12/site-packages'
[751.944s] Level 1:colcon.colcon_core.shell:create_environment_hook('libcamera', 'pythonpath')
[751.946s] INFO:colcon.colcon_core.shell:Creating environment hook '/home/pi/picam_ws/install/libcamera/share/libcamera/hook/pythonpath.ps1'
[751.949s] INFO:colcon.colcon_core.shell:Creating environment descriptor '/home/pi/picam_ws/install/libcamera/share/libcamera/hook/pythonpath.dsv'
[751.967s] INFO:colcon.colcon_core.shell:Creating environment hook '/home/pi/picam_ws/install/libcamera/share/libcamera/hook/pythonpath.sh'
[751.971s] Level 1:colcon.colcon_core.environment:checking '/home/pi/picam_ws/install/libcamera/bin'
[751.972s] Level 1:colcon.colcon_core.shell:create_environment_hook('libcamera', 'pythonscriptspath')
[751.973s] INFO:colcon.colcon_core.shell:Creating environment hook '/home/pi/picam_ws/install/libcamera/share/libcamera/hook/pythonscriptspath.ps1'
[751.976s] INFO:colcon.colcon_core.shell:Creating environment descriptor '/home/pi/picam_ws/install/libcamera/share/libcamera/hook/pythonscriptspath.dsv'
[751.979s] INFO:colcon.colcon_core.shell:Creating environment hook '/home/pi/picam_ws/install/libcamera/share/libcamera/hook/pythonscriptspath.sh'
[751.982s] INFO:colcon.colcon_core.shell:Creating package script '/home/pi/picam_ws/install/libcamera/share/libcamera/package.ps1'
[751.987s] INFO:colcon.colcon_core.shell:Creating package descriptor '/home/pi/picam_ws/install/libcamera/share/libcamera/package.dsv'
[751.996s] INFO:colcon.colcon_core.shell:Creating package script '/home/pi/picam_ws/install/libcamera/share/libcamera/package.sh'
[752.001s] INFO:colcon.colcon_core.shell:Creating package script '/home/pi/picam_ws/install/libcamera/share/libcamera/package.bash'
[752.007s] INFO:colcon.colcon_core.shell:Creating package script '/home/pi/picam_ws/install/libcamera/share/libcamera/package.zsh'
[752.013s] Level 1:colcon.colcon_core.environment:create_file_with_runtime_dependencies(/home/pi/picam_ws/install/libcamera/share/colcon-core/packages/libcamera)
[752.015s] INFO:colcon.colcon_ros.task.ament_cmake.build:Building ROS package in '/home/pi/picam_ws/src/camera_ros' with build type 'ament_cmake'
[752.017s] INFO:colcon.colcon_cmake.task.cmake.build:Building CMake package in '/home/pi/picam_ws/src/camera_ros'
[752.018s] INFO:colcon.colcon_core.shell:Skip shell extension 'powershell' for command environment: Not usable outside of PowerShell
[752.018s] DEBUG:colcon.colcon_core.shell:Skip shell extension 'dsv' for command environment
[752.144s] DEBUG:colcon.colcon_core.event_handler.log_command:Invoking command in '/home/pi/picam_ws/build/camera_ros': CMAKE_PREFIX_PATH=${CMAKE_PREFIX_PATH}:/opt/ros/jazzy LD_LIBRARY_PATH=/home/pi/picam_ws/install/libcamera/lib:/home/pi/picam_ws/install/camera_ros/lib:/home/pi/camera_ws/install/camera_ros/lib:/home/pi/camera_ws/install/libcamera/lib:/opt/ros/jazzy/opt/rviz_ogre_vendor/lib:/opt/ros/jazzy/lib/aarch64-linux-gnu:/opt/ros/jazzy/opt/gz_math_vendor/lib:/opt/ros/jazzy/opt/gz_utils_vendor/lib:/opt/ros/jazzy/opt/gz_cmake_vendor/lib:/opt/ros/jazzy/lib /usr/bin/cmake --build /home/pi/picam_ws/build/camera_ros -- -j4 -l4
[752.726s] DEBUG:colcon.colcon_core.event_handler.log_command:Invoked command in '/home/pi/picam_ws/build/camera_ros' returned '2': CMAKE_PREFIX_PATH=${CMAKE_PREFIX_PATH}:/opt/ros/jazzy LD_LIBRARY_PATH=/home/pi/picam_ws/install/libcamera/lib:/home/pi/picam_ws/install/camera_ros/lib:/home/pi/camera_ws/install/camera_ros/lib:/home/pi/camera_ws/install/libcamera/lib:/opt/ros/jazzy/opt/rviz_ogre_vendor/lib:/opt/ros/jazzy/lib/aarch64-linux-gnu:/opt/ros/jazzy/opt/gz_math_vendor/lib:/opt/ros/jazzy/opt/gz_utils_vendor/lib:/opt/ros/jazzy/opt/gz_cmake_vendor/lib:/opt/ros/jazzy/lib /usr/bin/cmake --build /home/pi/picam_ws/build/camera_ros -- -j4 -l4
[752.731s] Level 1:colcon.colcon_core.environment:create_environment_scripts_only(camera_ros)
[752.732s] Level 1:colcon.colcon_core.environment:checking '/home/pi/picam_ws/install/camera_ros' for CMake module files
[752.739s] Level 1:colcon.colcon_core.environment:checking '/home/pi/picam_ws/install/camera_ros' for CMake config files
[752.746s] Level 1:colcon.colcon_core.shell:create_environment_hook('camera_ros', 'cmake_prefix_path')
[752.747s] INFO:colcon.colcon_core.shell:Creating environment hook '/home/pi/picam_ws/install/camera_ros/share/camera_ros/hook/cmake_prefix_path.ps1'
[752.749s] INFO:colcon.colcon_core.shell:Creating environment descriptor '/home/pi/picam_ws/install/camera_ros/share/camera_ros/hook/cmake_prefix_path.dsv'
[752.766s] INFO:colcon.colcon_core.shell:Creating environment hook '/home/pi/picam_ws/install/camera_ros/share/camera_ros/hook/cmake_prefix_path.sh'
[752.770s] Level 1:colcon.colcon_core.environment:checking '/home/pi/picam_ws/install/camera_ros/lib'
[752.771s] Level 1:colcon.colcon_core.shell:create_environment_hook('camera_ros', 'ld_library_path_lib')
[752.772s] INFO:colcon.colcon_core.shell:Creating environment hook '/home/pi/picam_ws/install/camera_ros/share/camera_ros/hook/ld_library_path_lib.ps1'
[752.786s] INFO:colcon.colcon_core.shell:Creating environment descriptor '/home/pi/picam_ws/install/camera_ros/share/camera_ros/hook/ld_library_path_lib.dsv'
[752.789s] INFO:colcon.colcon_core.shell:Creating environment hook '/home/pi/picam_ws/install/camera_ros/share/camera_ros/hook/ld_library_path_lib.sh'
[752.792s] Level 1:colcon.colcon_core.environment:checking '/home/pi/picam_ws/install/camera_ros/bin'
[752.793s] Level 1:colcon.colcon_core.environment:checking '/home/pi/picam_ws/install/camera_ros/lib/pkgconfig/camera_ros.pc'
[752.794s] Level 1:colcon.colcon_core.environment:checking '/home/pi/picam_ws/install/camera_ros/lib/python3.12/site-packages'
[752.795s] Level 1:colcon.colcon_core.environment:checking '/home/pi/picam_ws/install/camera_ros/bin'
[752.797s] INFO:colcon.colcon_core.shell:Creating package script '/home/pi/picam_ws/install/camera_ros/share/camera_ros/package.ps1'
[752.800s] INFO:colcon.colcon_core.shell:Creating package descriptor '/home/pi/picam_ws/install/camera_ros/share/camera_ros/package.dsv'
[752.803s] INFO:colcon.colcon_core.shell:Creating package script '/home/pi/picam_ws/install/camera_ros/share/camera_ros/package.sh'
[752.805s] INFO:colcon.colcon_core.shell:Creating package script '/home/pi/picam_ws/install/camera_ros/share/camera_ros/package.bash'
[752.807s] INFO:colcon.colcon_core.shell:Creating package script '/home/pi/picam_ws/install/camera_ros/share/camera_ros/package.zsh'
[752.811s] Level 1:colcon.colcon_core.environment:create_file_with_runtime_dependencies(/home/pi/picam_ws/install/camera_ros/share/colcon-core/packages/camera_ros)
[752.825s] DEBUG:colcon.colcon_parallel_executor.executor.parallel:closing loop
[752.826s] DEBUG:colcon.colcon_parallel_executor.executor.parallel:loop closed
[752.827s] DEBUG:colcon.colcon_parallel_executor.executor.parallel:run_until_complete finished with '2'
[752.827s] DEBUG:colcon.colcon_core.event_reactor:joining thread
[752.956s] INFO:colcon.colcon_core.plugin_system:Skipping extension 'colcon_notification.desktop_notification.notify_send': Could not find 'notify-send'
[752.956s] INFO:colcon.colcon_core.plugin_system:Skipping extension 'colcon_notification.desktop_notification.terminal_notifier': Not used on non-Darwin systems
[752.956s] INFO:colcon.colcon_core.plugin_system:Skipping extension 'colcon_notification.desktop_notification.win32': Not used on non-Windows systems
[752.957s] INFO:colcon.colcon_notification.desktop_notification:Sending desktop notification using 'notify2'
[752.968s] DEBUG:colcon.colcon_notification.desktop_notification.notify2:Failed to initialize notify2: org.freedesktop.DBus.Error.ServiceUnknown: The name org.freedesktop.Notifications was not provided by any .service files
[752.968s] DEBUG:colcon.colcon_core.event_reactor:joined thread
[752.969s] INFO:colcon.colcon_core.shell:Creating prefix script '/home/pi/picam_ws/install/local_setup.ps1'
[752.975s] INFO:colcon.colcon_core.shell:Creating prefix util module '/home/pi/picam_ws/install/_local_setup_util_ps1.py'
[753.016s] INFO:colcon.colcon_core.shell:Creating prefix chain script '/home/pi/picam_ws/install/setup.ps1'
[753.024s] INFO:colcon.colcon_core.shell:Creating prefix script '/home/pi/picam_ws/install/local_setup.sh'
[753.049s] INFO:colcon.colcon_core.shell:Creating prefix util module '/home/pi/picam_ws/install/_local_setup_util_sh.py'
[753.052s] INFO:colcon.colcon_core.shell:Creating prefix chain script '/home/pi/picam_ws/install/setup.sh'
[753.058s] INFO:colcon.colcon_core.shell:Creating prefix script '/home/pi/picam_ws/install/local_setup.bash'
[753.061s] INFO:colcon.colcon_core.shell:Creating prefix chain script '/home/pi/picam_ws/install/setup.bash'
[753.066s] INFO:colcon.colcon_core.shell:Creating prefix script '/home/pi/picam_ws/install/local_setup.zsh'
[753.070s] INFO:colcon.colcon_core.shell:Creating prefix chain script '/home/pi/picam_ws/install/setup.zsh'
