[0.058s] Invoking command in '/home/pi/camera_ws/build/camera_ros': CMAKE_PREFIX_PATH=${CMAKE_PREFIX_PATH}:/opt/ros/jazzy LD_LIBRARY_PATH=/home/pi/camera_ws/install/libcamera/lib:/home/pi/picam_ws/install/camera_ros/lib:/home/pi/picam_ws/install/libcamera/lib:/home/pi/camera_ws/install/camera_ros/lib:/opt/ros/jazzy/opt/rviz_ogre_vendor/lib:/opt/ros/jazzy/lib/aarch64-linux-gnu:/opt/ros/jazzy/opt/gz_math_vendor/lib:/opt/ros/jazzy/opt/gz_utils_vendor/lib:/opt/ros/jazzy/opt/gz_cmake_vendor/lib:/opt/ros/jazzy/lib PATH=/home/pi/camera_ws/install/libcamera/bin:/home/pi/picam_ws/install/libcamera/bin:/opt/ros/jazzy/bin:/usr/local/sbin:/usr/local/bin:/usr/sbin:/usr/bin:/sbin:/bin:/usr/games:/usr/local/games:/snap/bin PKG_CONFIG_PATH=/home/pi/camera_ws/install/libcamera/lib/pkgconfig:/home/pi/picam_ws/install/libcamera/lib/pkgconfig PYTHONPATH=/home/pi/camera_ws/install/libcamera/lib/python3.12/site-packages:/home/pi/picam_ws/install/libcamera/lib/python3.12/site-packages:/opt/ros/jazzy/lib/python3.12/site-packages /usr/bin/cmake --build /home/pi/camera_ws/build/camera_ros -- -j4 -l4
[0.429s] [ 15%] Built target utils
[0.434s] [ 30%] Built target camera_node
[0.507s] [ 84%] Built target param
[0.720s] [ 92%] [32m[1mLinking CXX shared library libcamera_component.so[0m
[3.647s] [100%] Built target camera_component
[3.713s] Invoked command in '/home/pi/camera_ws/build/camera_ros' returned '0': CMAKE_PREFIX_PATH=${CMAKE_PREFIX_PATH}:/opt/ros/jazzy LD_LIBRARY_PATH=/home/pi/camera_ws/install/libcamera/lib:/home/pi/picam_ws/install/camera_ros/lib:/home/pi/picam_ws/install/libcamera/lib:/home/pi/camera_ws/install/camera_ros/lib:/opt/ros/jazzy/opt/rviz_ogre_vendor/lib:/opt/ros/jazzy/lib/aarch64-linux-gnu:/opt/ros/jazzy/opt/gz_math_vendor/lib:/opt/ros/jazzy/opt/gz_utils_vendor/lib:/opt/ros/jazzy/opt/gz_cmake_vendor/lib:/opt/ros/jazzy/lib PATH=/home/pi/camera_ws/install/libcamera/bin:/home/pi/picam_ws/install/libcamera/bin:/opt/ros/jazzy/bin:/usr/local/sbin:/usr/local/bin:/usr/sbin:/usr/bin:/sbin:/bin:/usr/games:/usr/local/games:/snap/bin PKG_CONFIG_PATH=/home/pi/camera_ws/install/libcamera/lib/pkgconfig:/home/pi/picam_ws/install/libcamera/lib/pkgconfig PYTHONPATH=/home/pi/camera_ws/install/libcamera/lib/python3.12/site-packages:/home/pi/picam_ws/install/libcamera/lib/python3.12/site-packages:/opt/ros/jazzy/lib/python3.12/site-packages /usr/bin/cmake --build /home/pi/camera_ws/build/camera_ros -- -j4 -l4
[3.772s] Invoking command in '/home/pi/camera_ws/build/camera_ros': CMAKE_PREFIX_PATH=${CMAKE_PREFIX_PATH}:/opt/ros/jazzy LD_LIBRARY_PATH=/home/pi/camera_ws/install/libcamera/lib:/home/pi/picam_ws/install/camera_ros/lib:/home/pi/picam_ws/install/libcamera/lib:/home/pi/camera_ws/install/camera_ros/lib:/opt/ros/jazzy/opt/rviz_ogre_vendor/lib:/opt/ros/jazzy/lib/aarch64-linux-gnu:/opt/ros/jazzy/opt/gz_math_vendor/lib:/opt/ros/jazzy/opt/gz_utils_vendor/lib:/opt/ros/jazzy/opt/gz_cmake_vendor/lib:/opt/ros/jazzy/lib PATH=/home/pi/camera_ws/install/libcamera/bin:/home/pi/picam_ws/install/libcamera/bin:/opt/ros/jazzy/bin:/usr/local/sbin:/usr/local/bin:/usr/sbin:/usr/bin:/sbin:/bin:/usr/games:/usr/local/games:/snap/bin PKG_CONFIG_PATH=/home/pi/camera_ws/install/libcamera/lib/pkgconfig:/home/pi/picam_ws/install/libcamera/lib/pkgconfig PYTHONPATH=/home/pi/camera_ws/install/libcamera/lib/python3.12/site-packages:/home/pi/picam_ws/install/libcamera/lib/python3.12/site-packages:/opt/ros/jazzy/lib/python3.12/site-packages /usr/bin/cmake --install /home/pi/camera_ws/build/camera_ros
[3.820s] -- Install configuration: ""
[3.821s] -- Up-to-date: /home/pi/camera_ws/install/camera_ros/lib/camera_ros/camera_node
[3.823s] -- Up-to-date: /home/pi/camera_ws/install/camera_ros/share/camera_ros/environment/library_path.sh
[3.824s] -- Up-to-date: /home/pi/camera_ws/install/camera_ros/share/camera_ros/environment/library_path.dsv
[3.825s] -- Installing: /home/pi/camera_ws/install/camera_ros/lib/libcamera_component.so
[3.889s] -- Set non-toolchain portion of runtime path of "/home/pi/camera_ws/install/camera_ros/lib/libcamera_component.so" to ""
[3.890s] -- Up-to-date: /home/pi/camera_ws/install/camera_ros/share/camera_ros//launch
[3.890s] -- Up-to-date: /home/pi/camera_ws/install/camera_ros/share/camera_ros//launch/camera.launch.py
[3.891s] -- Up-to-date: /home/pi/camera_ws/install/camera_ros/share/ament_index/resource_index/package_run_dependencies/camera_ros
[3.891s] -- Up-to-date: /home/pi/camera_ws/install/camera_ros/share/ament_index/resource_index/parent_prefix_path/camera_ros
[3.892s] -- Up-to-date: /home/pi/camera_ws/install/camera_ros/share/camera_ros/environment/ament_prefix_path.sh
[3.893s] -- Up-to-date: /home/pi/camera_ws/install/camera_ros/share/camera_ros/environment/ament_prefix_path.dsv
[3.893s] -- Up-to-date: /home/pi/camera_ws/install/camera_ros/share/camera_ros/environment/path.sh
[3.894s] -- Up-to-date: /home/pi/camera_ws/install/camera_ros/share/camera_ros/environment/path.dsv
[3.894s] -- Up-to-date: /home/pi/camera_ws/install/camera_ros/share/camera_ros/local_setup.bash
[3.895s] -- Up-to-date: /home/pi/camera_ws/install/camera_ros/share/camera_ros/local_setup.sh
[3.895s] -- Up-to-date: /home/pi/camera_ws/install/camera_ros/share/camera_ros/local_setup.zsh
[3.896s] -- Up-to-date: /home/pi/camera_ws/install/camera_ros/share/camera_ros/local_setup.dsv
[3.896s] -- Installing: /home/pi/camera_ws/install/camera_ros/share/camera_ros/package.dsv
[3.897s] -- Up-to-date: /home/pi/camera_ws/install/camera_ros/share/ament_index/resource_index/packages/camera_ros
[3.898s] -- Up-to-date: /home/pi/camera_ws/install/camera_ros/share/ament_index/resource_index/rclcpp_components/camera_ros
[3.898s] -- Up-to-date: /home/pi/camera_ws/install/camera_ros/share/camera_ros/cmake/camera_componentTargetsExport.cmake
[3.899s] -- Up-to-date: /home/pi/camera_ws/install/camera_ros/share/camera_ros/cmake/camera_componentTargetsExport-noconfig.cmake
[3.900s] -- Up-to-date: /home/pi/camera_ws/install/camera_ros/share/camera_ros/cmake/ament_cmake_export_targets-extras.cmake
[3.900s] -- Up-to-date: /home/pi/camera_ws/install/camera_ros/share/camera_ros/cmake/ament_cmake_export_dependencies-extras.cmake
[3.901s] -- Up-to-date: /home/pi/camera_ws/install/camera_ros/share/camera_ros/cmake/camera_rosConfig.cmake
[3.901s] -- Up-to-date: /home/pi/camera_ws/install/camera_ros/share/camera_ros/cmake/camera_rosConfig-version.cmake
[3.902s] -- Up-to-date: /home/pi/camera_ws/install/camera_ros/share/camera_ros/package.xml
[3.909s] Invoked command in '/home/pi/camera_ws/build/camera_ros' returned '0': CMAKE_PREFIX_PATH=${CMAKE_PREFIX_PATH}:/opt/ros/jazzy LD_LIBRARY_PATH=/home/pi/camera_ws/install/libcamera/lib:/home/pi/picam_ws/install/camera_ros/lib:/home/pi/picam_ws/install/libcamera/lib:/home/pi/camera_ws/install/camera_ros/lib:/opt/ros/jazzy/opt/rviz_ogre_vendor/lib:/opt/ros/jazzy/lib/aarch64-linux-gnu:/opt/ros/jazzy/opt/gz_math_vendor/lib:/opt/ros/jazzy/opt/gz_utils_vendor/lib:/opt/ros/jazzy/opt/gz_cmake_vendor/lib:/opt/ros/jazzy/lib PATH=/home/pi/camera_ws/install/libcamera/bin:/home/pi/picam_ws/install/libcamera/bin:/opt/ros/jazzy/bin:/usr/local/sbin:/usr/local/bin:/usr/sbin:/usr/bin:/sbin:/bin:/usr/games:/usr/local/games:/snap/bin PKG_CONFIG_PATH=/home/pi/camera_ws/install/libcamera/lib/pkgconfig:/home/pi/picam_ws/install/libcamera/lib/pkgconfig PYTHONPATH=/home/pi/camera_ws/install/libcamera/lib/python3.12/site-packages:/home/pi/picam_ws/install/libcamera/lib/python3.12/site-packages:/opt/ros/jazzy/lib/python3.12/site-packages /usr/bin/cmake --install /home/pi/camera_ws/build/camera_ros
