[0.083s] Invoking command in '/home/pi/picam_ws/build/libcamera': /usr/bin/meson setup --libdir=lib --prefix=/home/pi/picam_ws/install/libcamera --buildtype=release /home/pi/picam_ws/build/libcamera /home/pi/picam_ws/src/libcamera --reconfigure
[1.211s] [1mThe Meson build system[0m
[1.212s] Version: 1.3.2
[1.212s] Source dir: [1m/home/pi/picam_ws/src/libcamera[0m
[1.213s] Build dir: [1m/home/pi/picam_ws/build/libcamera[0m
[1.213s] Build type: [1mnative build[0m
[1.326s] Project name: [1mlibcamera[0m
[1.327s] Project version: [1m0.5.1[0m
[1.327s] C compiler for the host machine: [1mcc[0m (gcc 13.3.0 "cc (Ubuntu 13.3.0-6ubuntu2~24.04) 13.3.0")
[1.328s] C linker for the host machine: [1mcc[0m ld.bfd 2.42
[1.377s] C++ compiler for the host machine: [1mc++[0m (gcc 13.3.0 "c++ (Ubuntu 13.3.0-6ubuntu2~24.04) 13.3.0")
[1.378s] C++ linker for the host machine: [1mc++[0m ld.bfd 2.42
[1.440s] Host machine cpu family: [1maarch64[0m
[1.441s] Host machine cpu: [1maarch64[0m
[2.368s] Header "[1mfcntl.h[0m" has symbol "[1mF_ADD_SEALS[0m" : [1;32mYES[0m [1;34m(cached)[0m
[2.370s] Header "[1munistd.h[0m" has symbol "[1missetugid[0m" : [1;31mNO[0m [1;34m(cached)[0m
[2.371s] Header "[1mlocale.h[0m" has symbol "[1mlocale_t[0m" : [1;32mYES[0m [1;34m(cached)[0m
[2.373s] Header "[1msys/mman.h[0m" has symbol "[1mmemfd_create[0m" : [1;32mYES[0m [1;34m(cached)[0m
[2.376s] Header "[1mstdlib.h[0m" has symbol "[1msecure_getenv[0m" : [1;32mYES[0m [1;34m(cached)[0m
[2.383s] Compiler for C supports arguments -Wno-c99-designator: [1;31mNO[0m [1;34m(cached)[0m
[2.386s] Dependency [1mlttng-ust[0m found: [1;32mYES[0m [36m2.13.7[0m [1;34m(cached)[0m
[2.426s] Program [1m./parser.py[0m found: [1;32mYES[0m (/home/pi/picam_ws/src/libcamera/utils/codegen/ipc/./parser.py)
[2.427s] Program [1m./generate.py[0m found: [1;32mYES[0m (/home/pi/picam_ws/src/libcamera/utils/codegen/ipc/./generate.py)
[2.428s] Program [1m./extract-docs.py[0m found: [1;32mYES[0m (/home/pi/picam_ws/src/libcamera/utils/codegen/ipc/./extract-docs.py)
[2.722s] Configuring [1mversion.h[0m using configuration
[2.751s] Program [1mopenssl[0m found: [1;32mYES[0m (/usr/bin/openssl)
[2.777s] Found pkg-config: [1;32mYES[0m [1m(/usr/bin/pkg-config)[0m [1;34m1.8.1[0m
[3.489s] Found CMake: [1m/usr/bin/cmake[0m (3.28.3)
[4.110s] Run-time dependency [1mlibyuv[0m found: [1;31mNO[0m (tried pkgconfig and cmake)
[4.701s] Has header "[1mlibyuv.h[0m" : [1;31mNO[0m [1;34m(cached)[0m
[5.856s] Library [1matomic[0m found: [1;32mYES[0m
[5.857s] Dependency [1mthreads[0m found: [1;32mYES[0m [36munknown[0m [1;34m(cached)[0m
[5.886s] Dependency [1mlibdw[0m found: [1;32mYES[0m [36m0.190[0m [1;34m(cached)[0m
[5.887s] Dependency [1mlibunwind[0m found: [1;32mYES[0m [36m1.6.2[0m [1;34m(cached)[0m
[5.888s] Header "[1mexecinfo.h[0m" has symbol "[1mbacktrace[0m" : [1;32mYES[0m [1;34m(cached)[0m
[6.154s] Library [1mrt[0m found: [1;32mYES[0m
[6.155s] Dependency [1mlibpisp[0m found: [1;32mYES[0m [36m1.2.0[0m [1;34m(cached)[0m
[6.210s] Checking for function "[1mdlopen[0m" : [1;32mYES[0m [1;34m(cached)[0m
[6.211s] Dependency [1mlibudev[0m found: [1;32mYES[0m [36m255[0m [1;34m(cached)[0m
[6.212s] Dependency [1myaml-0.1[0m found: [1;32mYES[0m [36m0.2.5[0m [1;34m(cached)[0m
[6.987s] Run-time dependency [1mgnutls[0m found: [1;31mNO[0m (tried pkgconfig and cmake)
[6.988s] Dependency [1mlibcrypto[0m found: [1;32mYES[0m [36m3.0.13[0m [1;34m(cached)[0m
[7.099s] Dependency [1mlibexif[0m skipped: feature [1mandroid[0m disabled
[7.100s] Dependency [1mlibjpeg[0m skipped: feature [1mandroid[0m disabled
[7.436s] Dependency [1mlibevent_pthreads[0m found: [1;32mYES[0m [36m2.1.12-stable[0m [1;34m(cached)[0m
[7.437s] Dependency [1mlibtiff-4[0m found: [1;32mYES[0m [36m4.5.1[0m [1;34m(cached)[0m
[7.461s] Dependency [1mgtest[0m found: [1;32mYES[0m [36m1.14.0[0m [1;34m(cached)[0m
[7.487s] Dependency [1mlibdrm[0m found: [1;32mYES[0m [36m2.4.122[0m [1;34m(cached)[0m
[7.488s] Dependency [1mlibjpeg[0m found: [1;32mYES[0m [36m2.1.5[0m [1;34m(cached)[0m
[7.488s] Dependency [1mSDL2[0m found: [1;32mYES[0m [36m2.30.0[0m [1;34m(cached)[0m
[7.576s] Run-time dependency [1mqt6[0m (modules: Core, Gui, OpenGL, OpenGLWidgets, Widgets) found: [1;31mNO[0m (tried pkgconfig)
[7.600s] Dependency [1mglib-2.0[0m found: [1;32mYES[0m [36m2.80.0[0m [1;34m(cached)[0m
[7.601s] Dependency [1mgstreamer-video-1.0[0m found: [1;32mYES[0m [36m1.24.2[0m [1;34m(cached)[0m
[7.602s] Dependency [1mgstreamer-allocators-1.0[0m found: [1;32mYES[0m [36m1.24.2[0m [1;34m(cached)[0m
[7.632s] Dependency [1mpython3[0m found: [1;32mYES[0m [36m3.12[0m [1;34m(cached)[0m
[7.633s] Dependency [1mpybind11[0m found: [1;32mYES[0m [36m2.11.1[0m [1;34m(cached)[0m
[7.727s] Configuring [1mlibcamerify[0m using configuration
[7.762s] Program [1mdoxygen[0m found: [1;31mNO[0m
[7.764s] Program [1mdot[0m found: [1;32mYES[0m (/usr/bin/dot)
[7.767s] Program [1msphinx-build-3 sphinx-build[0m found: [1;31mNO[0m
[7.828s] Configuring [1mconfig.h[0m using configuration
[9.013s] Program python3 (jinja2, yaml, jinja2, ply) found: [1;32mYES[0m (/usr/bin/python3) modules: jinja2, yaml, jinja2, ply
[9.015s] Build targets in project: [1m78[0m
[9.016s] 
[9.017s] libcamera [36m0.5.1[0m
[9.017s] 
[9.018s]   [1mVersions[0m
[9.018s]     Sources                  : 0.5.1+100-e53bdf1f
[9.019s] 
[9.020s]   [1mPaths[0m
[9.021s]     LIBCAMERA_DATA_DIR       : "/home/pi/picam_ws/install/libcamera/share/libcamera"
[9.022s]     LIBCAMERA_SYSCONF_DIR    : "/home/pi/picam_ws/install/libcamera/etc/libcamera"
[9.022s]     IPA_PROXY_DIR            : "/home/pi/picam_ws/install/libcamera/libexec/libcamera"
[9.023s]     IPA_CONFIG_DIR           : "/home/pi/picam_ws/install/libcamera/etc/libcamera/ipa:/home/pi/picam_ws/install/libcamera/share/libcamera/ipa"
[9.023s]     IPA_MODULE_DIR           : "/home/pi/picam_ws/install/libcamera/lib/libcamera/ipa"
[9.024s] 
[9.024s]   [1mConfiguration[0m
[9.025s]     SoftISP support          : true
[9.025s]     IPA modules signed with  : libcrypto
[9.026s]     Enabled pipelines        : imx8-isi
[9.026s]                                mali-c55
[9.027s]                                rkisp1
[9.027s]                                rpi/pisp
[9.028s]                                rpi/vc4
[9.028s]                                simple
[9.029s]                                uvcvideo
[9.029s]     Enabled IPA modules      : mali-c55
[9.029s]                                rkisp1
[9.030s]                                rpi/pisp
[9.031s]                                rpi/vc4
[9.031s]                                simple
[9.032s]     Controls files           : control_ids_core.yaml
[9.032s]                                control_ids_debug.yaml
[9.033s]                                control_ids_draft.yaml
[9.033s]                                control_ids_rpi.yaml
[9.033s]     Properties files         : property_ids_draft.yaml
[9.034s]                                property_ids_core.yaml
[9.034s]     Hotplug support          : [1;32mYES[0m
[9.034s]     Tracing support          : [1;32mYES[0m
[9.035s]     Android support          : [1;31mNO[0m
[9.035s]     GStreamer support        : [1;32mYES[0m
[9.035s]     Python bindings          : [1;32mYES[0m
[9.036s]     V4L2 emulation support   : [1;32mYES[0m
[9.036s]     cam application          : [1;32mYES[0m
[9.036s]     qcam application         : [1;31mNO[0m
[9.037s]     lc-compliance application: [1;32mYES[0m
[9.037s]     Unit tests               : [1;31mNO[0m
[9.037s] 
[9.038s]   [1mUser defined options[0m
[9.038s]     buildtype                : release
[9.039s]     libdir                   : lib
[9.039s]     prefix                   : /home/pi/picam_ws/install/libcamera
[9.039s] 
[9.078s] Found ninja-1.11.1 at /usr/bin/ninja
[9.798s] Cleaning... 0 files.
[10.420s] Invoked command in '/home/pi/picam_ws/build/libcamera' returned '0': /usr/bin/meson setup --libdir=lib --prefix=/home/pi/picam_ws/install/libcamera --buildtype=release /home/pi/picam_ws/build/libcamera /home/pi/picam_ws/src/libcamera --reconfigure
[10.421s] Invoking command in '/home/pi/picam_ws/build/libcamera': /usr/bin/meson compile
[11.495s] [1;32mINFO:[0m autodetecting backend as ninja
[11.507s] [1;32mINFO:[0m calculating backend command to run: /usr/bin/ninja
[11.681s] 
[11.684s] [0/316] Generating utils/codegen/ipc/mojom_templates with a custom command (wrapped by meson to set env)[K
[11.686s] [0/316] Compiling C object utils/ipu3/ipu3-pack.p/ipu3-pack.c.o[K
[11.689s] [0/316] Compiling C object utils/ipu3/ipu3-unpack.p/ipu3-unpack.c.o[K
[11.694s] [0/316] Generating include/libcamera/internal/tp_header with a custom command[K
[11.699s] [0/316] Generating include/libcamera/ipa/core_mojom_module with a custom command (wrapped by meson to set env)[K
[12.494s] [0/316] Generating include/libcamera/control_ids_rpi.yaml_h with a custom command (wrapped by meson to set env)[K
[12.495s] [1/316] Generating include/libcamera/internal/tp_header with a custom command[K
[12.569s] [1/316] Generating include/libcamera/property_ids_core.yaml_h with a custom command (wrapped by meson to set env)[K
[12.577s] [2/316] Compiling C object utils/ipu3/ipu3-unpack.p/ipu3-unpack.c.o[K
[12.598s] [2/316] Linking target utils/ipu3/ipu3-unpack[K
[12.599s] [3/316] Compiling C object utils/ipu3/ipu3-pack.p/ipu3-pack.c.o[K
[12.833s] [3/316] Linking target utils/ipu3/ipu3-pack[K
[12.834s] [4/316] Linking target utils/ipu3/ipu3-pack[K
[12.852s] [4/316] Generating include/libcamera/formats_h with a custom command[K
[12.853s] [5/316] Generating include/libcamera/ipa/core_mojom_module with a custom command (wrapped by meson to set env)[K
[12.887s] [5/316] Generating include/libcamera/ipa/mali-c55_mojom_module with a custom command (wrapped by meson to set env)[K
[12.888s] [6/316] Generating include/libcamera/control_ids_rpi.yaml_h with a custom command (wrapped by meson to set env)[K
[12.893s] [6/316] Generating include/libcamera/ipa/rkisp1_mojom_module with a custom command (wrapped by meson to set env)[K
[12.894s] [7/316] Linking target utils/ipu3/ipu3-unpack[K
[13.397s] [7/316] Generating include/libcamera/ipa/raspberrypi_mojom_module with a custom command (wrapped by meson to set env)[K
[13.402s] [8/316] Generating include/libcamera/formats_h with a custom command[K
[13.644s] [8/316] Generating include/libcamera/ipa/soft_mojom_module with a custom command (wrapped by meson to set env)[K
[13.645s] [9/316] Generating utils/codegen/ipc/mojom_templates with a custom command (wrapped by meson to set env)[K
[13.871s] [9/316] Generating include/libcamera/ipa/core_ipa_interface_h with a custom command (wrapped by meson to set env)[K
[13.884s] [10/316] Generating include/libcamera/property_ids_core.yaml_h with a custom command (wrapped by meson to set env)[K
[13.944s] [10/316] Generating include/libcamera/ipa/core_ipa_serializer_h with a custom command (wrapped by meson to set env)[K
[13.945s] [11/316] Generating include/libcamera/ipa/mali-c55_mojom_module with a custom command (wrapped by meson to set env)[K
[14.131s] [11/316] Generating include/libcamera/ipa/mali-c55_ipa_interface_h with a custom command (wrapped by meson to set env)[K
[14.132s] [12/316] Generating include/libcamera/ipa/rkisp1_mojom_module with a custom command (wrapped by meson to set env)[K
[14.205s] [12/316] Generating include/libcamera/ipa/mali-c55_ipa_serializer_h with a custom command (wrapped by meson to set env)[K
[14.206s] [13/316] Generating include/libcamera/ipa/raspberrypi_mojom_module with a custom command (wrapped by meson to set env)[K
[14.673s] [13/316] Generating include/libcamera/ipa/mali-c55_proxy_h with a custom command (wrapped by meson to set env)[K
[14.676s] [14/316] Generating include/libcamera/ipa/soft_mojom_module with a custom command (wrapped by meson to set env)[K
[14.921s] [14/316] Generating include/libcamera/ipa/rkisp1_ipa_interface_h with a custom command (wrapped by meson to set env)[K
[14.926s] [15/316] Generating include/libcamera/ipa/core_ipa_interface_h with a custom command (wrapped by meson to set env)[K
[15.197s] [15/316] Generating include/libcamera/ipa/rkisp1_ipa_serializer_h with a custom command (wrapped by meson to set env)[K
[15.202s] [16/316] Generating include/libcamera/ipa/mali-c55_ipa_interface_h with a custom command (wrapped by meson to set env)[K
[15.516s] [16/316] Generating include/libcamera/ipa/rkisp1_proxy_h with a custom command (wrapped by meson to set env)[K
[15.517s] [17/316] Generating include/libcamera/ipa/mali-c55_proxy_h with a custom command (wrapped by meson to set env)[K
[15.720s] [17/316] Generating include/libcamera/ipa/raspberrypi_ipa_interface_h with a custom command (wrapped by meson to set env)[K
[15.723s] [18/316] Generating include/libcamera/ipa/core_ipa_serializer_h with a custom command (wrapped by meson to set env)[K
[15.799s] [18/316] Generating include/libcamera/ipa/raspberrypi_ipa_serializer_h with a custom command (wrapped by meson to set env)[K
[15.808s] [19/316] Generating include/libcamera/ipa/rkisp1_ipa_interface_h with a custom command (wrapped by meson to set env)[K
[15.843s] [19/316] Generating include/libcamera/ipa/raspberrypi_proxy_h with a custom command (wrapped by meson to set env)[K
[15.844s] [20/316] Generating include/libcamera/ipa/mali-c55_ipa_serializer_h with a custom command (wrapped by meson to set env)[K
[16.223s] [20/316] Generating include/libcamera/ipa/soft_ipa_interface_h with a custom command (wrapped by meson to set env)[K
[16.226s] [21/316] Generating include/libcamera/ipa/rkisp1_ipa_serializer_h with a custom command (wrapped by meson to set env)[K
[16.821s] [21/316] Generating include/libcamera/ipa/soft_ipa_serializer_h with a custom command (wrapped by meson to set env)[K
[16.831s] [22/316] Generating include/libcamera/ipa/rkisp1_proxy_h with a custom command (wrapped by meson to set env)[K
[16.900s] [22/316] Generating include/libcamera/ipa/soft_proxy_h with a custom command (wrapped by meson to set env)[K
[16.902s] [23/316] Generating include/libcamera/ipa/raspberrypi_ipa_interface_h with a custom command (wrapped by meson to set env)[K
[17.055s] [23/316] Generating include/libcamera/gen-header with a custom command[K
[17.060s] [24/316] Generating include/libcamera/ipa/raspberrypi_proxy_h with a custom command (wrapped by meson to set env)[K
[17.296s] [24/316] Generating src/ipa-priv-key with a custom command[K
[17.304s] [25/316] Generating include/libcamera/gen-header with a custom command[K
[17.464s] [25/316] Compiling C++ object src/libcamera/base/libcamera-base.so.0.5.1.p/bound_method.cpp.o[K
[17.467s] [26/316] Generating include/libcamera/ipa/raspberrypi_ipa_serializer_h with a custom command (wrapped by meson to set env)[K
[17.478s] [26/316] Compiling C++ object src/libcamera/base/libcamera-base.so.0.5.1.p/class.cpp.o[K
[17.478s] [27/316] Generating include/libcamera/ipa/soft_ipa_serializer_h with a custom command (wrapped by meson to set env)[K
[17.666s] [27/316] Compiling C++ object src/libcamera/base/libcamera-base.so.0.5.1.p/flags.cpp.o[K
[17.670s] [28/316] Generating include/libcamera/ipa/soft_ipa_interface_h with a custom command (wrapped by meson to set env)[K
[17.859s] [28/316] Compiling C++ object src/libcamera/base/libcamera-base.so.0.5.1.p/object.cpp.o[K
[17.860s] [29/316] Generating include/libcamera/ipa/soft_proxy_h with a custom command (wrapped by meson to set env)[K
[18.008s] [29/316] Compiling C++ object src/libcamera/base/libcamera-base.so.0.5.1.p/shared_fd.cpp.o[K
[18.011s] [30/316] Compiling C++ object src/libcamera/base/libcamera-base.so.0.5.1.p/flags.cpp.o[K
[18.228s] [30/316] Compiling C++ object src/libcamera/base/libcamera-base.so.0.5.1.p/signal.cpp.o[K
[18.229s] [31/316] Generating src/ipa-priv-key with a custom command[K
[18.233s] ....+..............+......+.+..............+.+.....+.+..+...+++++++++++++++++++++++++++++++++++++++++++++++++++++++++++++++++*.............+...+.+..+...+++++++++++++++++++++++++++++++++++++++++++++++++++++++++++++++++*.+.........+...........+++++++++++++++++++++++++++++++++++++++++++++++++++++++++++++++++
[18.234s] ...+.....+....+.....+....+........+.......+.....+................+.....+.......+..+++++++++++++++++++++++++++++++++++++++++++++++++++++++++++++++++*..........+..+.+...+..+.......+++++++++++++++++++++++++++++++++++++++++++++++++++++++++++++++++*...........+.....+......+....+...........................+...+.........+......+...........+....+......+...+..+...+...+....+...+..+...............+...+.+.........+........+...+.......+..+.............+........+.......+...+.....+.+........+...+...+.......+...+.....+++++++++++++++++++++++++++++++++++++++++++++++++++++++++++++++++
[18.235s] 
[19.526s] [31/316] Compiling C++ object src/libcamera/base/libcamera-base.so.0.5.1.p/unique_fd.cpp.o[K
[19.527s] [32/316] Compiling C++ object src/libcamera/base/libcamera-base.so.0.5.1.p/class.cpp.o[K
[21.891s] [32/316] Compiling C++ object src/libcamera/base/libcamera-base.so.0.5.1.p/backtrace.cpp.o[K
[21.893s] [33/316] Compiling C++ object src/libcamera/base/libcamera-base.so.0.5.1.p/signal.cpp.o[K
[23.829s] [33/316] Compiling C++ object src/libcamera/base/libcamera-base.so.0.5.1.p/event_dispatcher.cpp.o[K
[23.830s] [34/316] Compiling C++ object src/libcamera/base/libcamera-base.so.0.5.1.p/unique_fd.cpp.o[K
[24.961s] [34/316] Compiling C++ object src/libcamera/base/libcamera-base.so.0.5.1.p/event_dispatcher_poll.cpp.o[K
[24.963s] [35/316] Compiling C++ object src/libcamera/base/libcamera-base.so.0.5.1.p/bound_method.cpp.o[K
[25.033s] [35/316] Compiling C++ object src/libcamera/base/libcamera-base.so.0.5.1.p/event_notifier.cpp.o[K
[25.035s] [36/316] Compiling C++ object src/libcamera/base/libcamera-base.so.0.5.1.p/shared_fd.cpp.o[K
[26.452s] [36/316] Compiling C++ object src/libcamera/base/libcamera-base.so.0.5.1.p/file.cpp.o[K
[26.453s] [37/316] Compiling C++ object src/libcamera/base/libcamera-base.so.0.5.1.p/object.cpp.o[K
[27.318s] [37/316] Compiling C++ object src/libcamera/base/libcamera-base.so.0.5.1.p/log.cpp.o[K
[27.323s] [38/316] Compiling C++ object src/libcamera/base/libcamera-base.so.0.5.1.p/backtrace.cpp.o[K
[28.698s] [38/316] Compiling C++ object src/libcamera/base/libcamera-base.so.0.5.1.p/memfd.cpp.o[K
[28.703s] [39/316] Compiling C++ object src/libcamera/base/libcamera-base.so.0.5.1.p/event_dispatcher.cpp.o[K
[32.656s] [39/316] Compiling C++ object src/libcamera/base/libcamera-base.so.0.5.1.p/message.cpp.o[K
[32.661s] [40/316] Compiling C++ object src/libcamera/base/libcamera-base.so.0.5.1.p/event_notifier.cpp.o[K
[32.690s] [40/316] Compiling C++ object src/libcamera/base/libcamera-base.so.0.5.1.p/mutex.cpp.o[K
[32.694s] [41/316] Compiling C++ object src/libcamera/base/libcamera-base.so.0.5.1.p/file.cpp.o[K
[33.429s] [41/316] Compiling C++ object src/libcamera/base/libcamera-base.so.0.5.1.p/semaphore.cpp.o[K
[33.436s] [42/316] Compiling C++ object src/libcamera/base/libcamera-base.so.0.5.1.p/memfd.cpp.o[K
[34.416s] [42/316] Compiling C++ object src/libcamera/base/libcamera-base.so.0.5.1.p/thread.cpp.o[K
[34.420s] [43/316] Compiling C++ object src/libcamera/base/libcamera-base.so.0.5.1.p/mutex.cpp.o[K
[34.951s] [43/316] Compiling C++ object src/libcamera/base/libcamera-base.so.0.5.1.p/timer.cpp.o[K
[34.957s] [44/316] Compiling C++ object src/libcamera/base/libcamera-base.so.0.5.1.p/event_dispatcher_poll.cpp.o[K
[35.722s] [44/316] Compiling C++ object src/libcamera/base/libcamera-base.so.0.5.1.p/utils.cpp.o[K
[35.723s] [45/316] Compiling C++ object src/libcamera/base/libcamera-base.so.0.5.1.p/semaphore.cpp.o[K
[36.175s] [45/316] Generating src/libcamera/proxy/mali-c55_proxy_cpp with a custom command (wrapped by meson to set env)[K
[36.180s] [46/316] Compiling C++ object src/libcamera/base/libcamera-base.so.0.5.1.p/message.cpp.o[K
[37.229s] [46/316] Generating src/libcamera/proxy/rkisp1_proxy_cpp with a custom command (wrapped by meson to set env)[K
[37.231s] [47/316] Generating src/libcamera/proxy/mali-c55_proxy_cpp with a custom command (wrapped by meson to set env)[K
[37.468s] [47/316] Generating src/libcamera/proxy/raspberrypi_proxy_cpp with a custom command (wrapped by meson to set env)[K
[37.469s] [48/316] Generating src/libcamera/proxy/rkisp1_proxy_cpp with a custom command (wrapped by meson to set env)[K
[38.751s] [48/316] Generating src/libcamera/proxy/soft_proxy_cpp with a custom command (wrapped by meson to set env)[K
[38.758s] [49/316] Generating src/libcamera/proxy/raspberrypi_proxy_cpp with a custom command (wrapped by meson to set env)[K
[38.780s] [49/316] Generating src/libcamera/controls_ids_cpp with a custom command (wrapped by meson to set env)[K
[38.781s] [50/316] Generating src/libcamera/proxy/soft_proxy_cpp with a custom command (wrapped by meson to set env)[K
[39.805s] [50/316] Generating src/libcamera/properties_ids_cpp with a custom command (wrapped by meson to set env)[K
[39.806s] [51/316] Compiling C++ object src/libcamera/base/libcamera-base.so.0.5.1.p/log.cpp.o[K
[40.246s] [51/316] Generating src/libcamera/version.cpp with a custom command[K
[40.252s] [52/316] Generating src/libcamera/properties_ids_cpp with a custom command (wrapped by meson to set env)[K
[40.518s] [52/316] Generating src/libcamera/ipa_pub_key_cpp with a custom command[K
[40.519s] [53/316] Generating src/libcamera/controls_ids_cpp with a custom command (wrapped by meson to set env)[K
[40.810s] [53/316] Compiling C++ object src/libcamera/libcamera.so.0.5.1.p/meson-generated_.._control_ids.cpp.o[K
[40.814s] [54/316] Generating src/libcamera/ipa_pub_key_cpp with a custom command[K
[40.815s] writing RSA key
[40.815s] 
[41.352s] [54/316] Compiling C++ object src/libcamera/libcamera.so.0.5.1.p/meson-generated_.._property_ids.cpp.o[K
[41.355s] [55/316] Generating src/libcamera/version.cpp with a custom command[K
[42.353s] [55/316] Compiling C++ object src/libcamera/libcamera.so.0.5.1.p/meson-generated_.._version.cpp.o[K
[42.358s] [56/316] Compiling C++ object src/libcamera/base/libcamera-base.so.0.5.1.p/timer.cpp.o[K
[44.264s] [56/316] Compiling C++ object src/libcamera/libcamera.so.0.5.1.p/meson-generated_.._proxy_mali-c55_ipa_proxy.cpp.o[K
[44.265s] [57/316] Compiling C++ object src/libcamera/base/libcamera-base.so.0.5.1.p/utils.cpp.o[K
[45.433s] [57/316] Compiling C++ object src/libcamera/libcamera.so.0.5.1.p/meson-generated_.._proxy_rkisp1_ipa_proxy.cpp.o[K
[45.441s] [58/316] Compiling C++ object src/libcamera/base/libcamera-base.so.0.5.1.p/thread.cpp.o[K
[46.109s] [58/316] Linking target src/libcamera/base/libcamera-base.so.0.5.1[K
[46.110s] [59/316] Linking target src/libcamera/base/libcamera-base.so.0.5.1[K
[46.362s] [59/316] Generating symbol file src/libcamera/base/libcamera-base.so.0.5.1.p/libcamera-base.so.0.5.1.symbols[K
[46.364s] [60/316] Compiling C++ object src/libcamera/libcamera.so.0.5.1.p/meson-generated_.._version.cpp.o[K
[47.049s] [60/316] Compiling C++ object src/libcamera/libcamera.so.0.5.1.p/meson-generated_.._proxy_raspberrypi_ipa_proxy.cpp.o[K
[47.051s] [61/316] Generating symbol file src/libcamera/base/libcamera-base.so.0.5.1.p/libcamera-base.so.0.5.1.symbols[K
[52.069s] [61/316] Compiling C++ object src/libcamera/libcamera.so.0.5.1.p/meson-generated_.._proxy_soft_ipa_proxy.cpp.o[K
[52.076s] [62/316] Compiling C++ object src/libcamera/libcamera.so.0.5.1.p/meson-generated_.._property_ids.cpp.o[K
[60.924s] [62/316] Compiling C++ object src/libcamera/libcamera.so.0.5.1.p/meson-generated_.._ipa_pub_key.cpp.o[K
[60.928s] [63/316] Compiling C++ object src/libcamera/libcamera.so.0.5.1.p/meson-generated_.._ipa_pub_key.cpp.o[K
[66.128s] [63/316] Compiling C++ object src/libcamera/libcamera.so.0.5.1.p/camera.cpp.o[K
[66.131s] [64/316] Compiling C++ object src/libcamera/libcamera.so.0.5.1.p/meson-generated_.._control_ids.cpp.o[K
[75.001s] [64/316] Compiling C++ object src/libcamera/libcamera.so.0.5.1.p/camera_manager.cpp.o[K
[75.002s] [65/316] Compiling C++ object src/libcamera/libcamera.so.0.5.1.p/meson-generated_.._proxy_mali-c55_ipa_proxy.cpp.o[K
[76.032s] [65/316] Compiling C++ object src/libcamera/libcamera.so.0.5.1.p/color_space.cpp.o[K
[76.036s] [66/316] Compiling C++ object src/libcamera/libcamera.so.0.5.1.p/meson-generated_.._proxy_rkisp1_ipa_proxy.cpp.o[K
[79.845s] [66/316] Compiling C++ object src/libcamera/libcamera.so.0.5.1.p/controls.cpp.o[K
[79.850s] [67/316] Compiling C++ object src/libcamera/libcamera.so.0.5.1.p/meson-generated_.._proxy_soft_ipa_proxy.cpp.o[K
[80.249s] [67/316] Compiling C++ object src/libcamera/libcamera.so.0.5.1.p/fence.cpp.o[K
[80.257s] [68/316] Compiling C++ object src/libcamera/libcamera.so.0.5.1.p/meson-generated_.._proxy_raspberrypi_ipa_proxy.cpp.o[K
[81.732s] [68/316] Compiling C++ object src/libcamera/libcamera.so.0.5.1.p/framebuffer.cpp.o[K
[81.738s] [69/316] Compiling C++ object src/libcamera/libcamera.so.0.5.1.p/fence.cpp.o[K
[81.892s] [69/316] Compiling C++ object src/libcamera/libcamera.so.0.5.1.p/framebuffer_allocator.cpp.o[K
[81.895s] [70/316] Compiling C++ object src/libcamera/libcamera.so.0.5.1.p/camera_manager.cpp.o[K
[87.050s] [70/316] Compiling C++ object src/libcamera/libcamera.so.0.5.1.p/geometry.cpp.o[K
[87.051s] [71/316] Compiling C++ object src/libcamera/libcamera.so.0.5.1.p/camera.cpp.o[K
[88.184s] [71/316] Compiling C++ object src/libcamera/libcamera.so.0.5.1.p/orientation.cpp.o[K
[88.186s] [72/316] Compiling C++ object src/libcamera/libcamera.so.0.5.1.p/color_space.cpp.o[K
[88.720s] [72/316] Compiling C++ object src/libcamera/libcamera.so.0.5.1.p/pixel_format.cpp.o[K
[88.724s] [73/316] Compiling C++ object src/libcamera/libcamera.so.0.5.1.p/framebuffer.cpp.o[K
[90.667s] [73/316] Compiling C++ object src/libcamera/libcamera.so.0.5.1.p/request.cpp.o[K
[90.668s] [74/316] Compiling C++ object src/libcamera/libcamera.so.0.5.1.p/geometry.cpp.o[K
[90.957s] [74/316] Compiling C++ object src/libcamera/libcamera.so.0.5.1.p/stream.cpp.o[K
[90.961s] [75/316] Compiling C++ object src/libcamera/libcamera.so.0.5.1.p/orientation.cpp.o[K
[91.752s] [75/316] Compiling C++ object src/libcamera/libcamera.so.0.5.1.p/transform.cpp.o[K
[91.753s] [76/316] Compiling C++ object src/libcamera/libcamera.so.0.5.1.p/framebuffer_allocator.cpp.o[K
[92.589s] [76/316] Compiling C++ object src/libcamera/libcamera.so.0.5.1.p/bayer_format.cpp.o[K
[92.590s] [77/316] Compiling C++ object src/libcamera/libcamera.so.0.5.1.p/pixel_format.cpp.o[K
[93.818s] [77/316] Compiling C++ object src/libcamera/libcamera.so.0.5.1.p/byte_stream_buffer.cpp.o[K
[93.822s] [78/316] Compiling C++ object src/libcamera/libcamera.so.0.5.1.p/controls.cpp.o[K
[94.079s] [78/316] Compiling C++ object src/libcamera/libcamera.so.0.5.1.p/camera_controls.cpp.o[K
[94.080s] [79/316] Compiling C++ object src/libcamera/libcamera.so.0.5.1.p/transform.cpp.o[K
[100.319s] [79/316] Compiling C++ object src/libcamera/libcamera.so.0.5.1.p/camera_lens.cpp.o[K
[100.322s] [80/316] Compiling C++ object src/libcamera/libcamera.so.0.5.1.p/byte_stream_buffer.cpp.o[K
[100.594s] [80/316] Compiling C++ object src/libcamera/libcamera.so.0.5.1.p/clock_recovery.cpp.o[K
[100.596s] [81/316] Compiling C++ object src/libcamera/libcamera.so.0.5.1.p/bayer_format.cpp.o[K
[101.075s] [81/316] Compiling C++ object src/libcamera/libcamera.so.0.5.1.p/control_serializer.cpp.o[K
[101.076s] [82/316] Compiling C++ object src/libcamera/libcamera.so.0.5.1.p/stream.cpp.o[K
[101.251s] [82/316] Compiling C++ object src/libcamera/libcamera.so.0.5.1.p/control_validator.cpp.o[K
[101.251s] [83/316] Compiling C++ object src/libcamera/libcamera.so.0.5.1.p/camera_controls.cpp.o[K
[101.742s] [83/316] Compiling C++ object src/libcamera/libcamera.so.0.5.1.p/converter.cpp.o[K
[101.748s] [84/316] Compiling C++ object src/libcamera/libcamera.so.0.5.1.p/camera_lens.cpp.o[K
[102.818s] [84/316] Compiling C++ object src/libcamera/libcamera.so.0.5.1.p/debug_controls.cpp.o[K
[102.822s] [85/316] Compiling C++ object src/libcamera/libcamera.so.0.5.1.p/control_validator.cpp.o[K
[104.402s] [85/316] Compiling C++ object src/libcamera/libcamera.so.0.5.1.p/delayed_controls.cpp.o[K
[104.403s] [86/316] Compiling C++ object src/libcamera/libcamera.so.0.5.1.p/request.cpp.o[K
[106.425s] [86/316] Compiling C++ object src/libcamera/libcamera.so.0.5.1.p/device_enumerator.cpp.o[K
[106.427s] [87/316] Compiling C++ object src/libcamera/libcamera.so.0.5.1.p/clock_recovery.cpp.o[K
[110.883s] [87/316] Compiling C++ object src/libcamera/libcamera.so.0.5.1.p/device_enumerator_sysfs.cpp.o[K
[110.888s] [88/316] Compiling C++ object src/libcamera/libcamera.so.0.5.1.p/debug_controls.cpp.o[K
[112.284s] [88/316] Compiling C++ object src/libcamera/libcamera.so.0.5.1.p/dma_buf_allocator.cpp.o[K
[112.285s] [89/316] Compiling C++ object src/libcamera/libcamera.so.0.5.1.p/converter.cpp.o[K
[112.307s] [89/316] Compiling C++ object src/libcamera/libcamera.so.0.5.1.p/formats.cpp.o[K
[112.308s] [90/316] Compiling C++ object src/libcamera/libcamera.so.0.5.1.p/delayed_controls.cpp.o[K
[112.592s] [90/316] Compiling C++ object src/libcamera/libcamera.so.0.5.1.p/ipa_controls.cpp.o[K
[112.593s] [91/316] Compiling C++ object src/libcamera/libcamera.so.0.5.1.p/ipa_controls.cpp.o[K
[117.298s] [91/316] Compiling C++ object src/libcamera/libcamera.so.0.5.1.p/ipa_data_serializer.cpp.o[K
[117.303s] [92/316] Compiling C++ object src/libcamera/libcamera.so.0.5.1.p/control_serializer.cpp.o[K
[117.338s] [92/316] Compiling C++ object src/libcamera/libcamera.so.0.5.1.p/ipa_interface.cpp.o[K
[117.339s] [93/316] Compiling C++ object src/libcamera/libcamera.so.0.5.1.p/device_enumerator.cpp.o[K
[117.361s] [93/316] Compiling C++ object src/libcamera/libcamera.so.0.5.1.p/ipa_manager.cpp.o[K
[117.362s] [94/316] Compiling C++ object src/libcamera/libcamera.so.0.5.1.p/device_enumerator_sysfs.cpp.o[K
[117.478s] [94/316] Compiling C++ object src/libcamera/libcamera.so.0.5.1.p/ipa_module.cpp.o[K
[117.478s] [95/316] Compiling C++ object src/libcamera/libcamera.so.0.5.1.p/ipa_interface.cpp.o[K
[120.067s] [95/316] Compiling C++ object src/libcamera/libcamera.so.0.5.1.p/ipa_proxy.cpp.o[K
[120.068s] [96/316] Compiling C++ object src/libcamera/libcamera.so.0.5.1.p/dma_buf_allocator.cpp.o[K
[126.055s] [96/316] Compiling C++ object src/libcamera/libcamera.so.0.5.1.p/ipc_pipe.cpp.o[K
[126.056s] [97/316] Compiling C++ object src/libcamera/libcamera.so.0.5.1.p/formats.cpp.o[K
[127.451s] [97/316] Compiling C++ object src/libcamera/libcamera.so.0.5.1.p/ipc_pipe_unixsocket.cpp.o[K
[127.452s] [98/316] Compiling C++ object src/libcamera/libcamera.so.0.5.1.p/ipc_pipe.cpp.o[K
[127.878s] [98/316] Compiling C++ object src/libcamera/libcamera.so.0.5.1.p/ipc_unixsocket.cpp.o[K
[127.879s] [99/316] Compiling C++ object src/libcamera/libcamera.so.0.5.1.p/ipa_data_serializer.cpp.o[K
[128.395s] [99/316] Compiling C++ object src/libcamera/libcamera.so.0.5.1.p/mapped_framebuffer.cpp.o[K
[128.396s] [100/316] Compiling C++ object src/libcamera/libcamera.so.0.5.1.p/ipa_module.cpp.o[K
[130.988s] [100/316] Compiling C++ object src/libcamera/libcamera.so.0.5.1.p/matrix.cpp.o[K
[130.994s] [101/316] Compiling C++ object src/libcamera/libcamera.so.0.5.1.p/ipa_manager.cpp.o[K
[131.159s] [101/316] Compiling C++ object src/libcamera/libcamera.so.0.5.1.p/media_device.cpp.o[K
[131.160s] [102/316] Compiling C++ object src/libcamera/libcamera.so.0.5.1.p/ipa_proxy.cpp.o[K
[135.995s] [102/316] Compiling C++ object src/libcamera/libcamera.so.0.5.1.p/media_object.cpp.o[K
[135.997s] [103/316] Compiling C++ object src/libcamera/libcamera.so.0.5.1.p/mapped_framebuffer.cpp.o[K
[137.677s] [103/316] Compiling C++ object src/libcamera/libcamera.so.0.5.1.p/media_pipeline.cpp.o[K
[137.678s] [104/316] Compiling C++ object src/libcamera/libcamera.so.0.5.1.p/ipc_pipe_unixsocket.cpp.o[K
[138.083s] [104/316] Compiling C++ object src/libcamera/libcamera.so.0.5.1.p/pipeline_handler.cpp.o[K
[138.084s] [105/316] Compiling C++ object src/libcamera/libcamera.so.0.5.1.p/ipc_unixsocket.cpp.o[K
[138.231s] [105/316] Compiling C++ object src/libcamera/libcamera.so.0.5.1.p/process.cpp.o[K
[138.232s] [106/316] Compiling C++ object src/libcamera/libcamera.so.0.5.1.p/matrix.cpp.o[K
[139.821s] [106/316] Compiling C++ object src/libcamera/libcamera.so.0.5.1.p/pub_key.cpp.o[K
[139.827s] [107/316] Compiling C++ object src/libcamera/libcamera.so.0.5.1.p/media_object.cpp.o[K
[141.681s] [107/316] Compiling C++ object src/libcamera/libcamera.so.0.5.1.p/shared_mem_object.cpp.o[K
[141.682s] [108/316] Compiling C++ object src/libcamera/libcamera.so.0.5.1.p/media_device.cpp.o[K
[142.204s] [108/316] Compiling C++ object src/libcamera/libcamera.so.0.5.1.p/source_paths.cpp.o[K
[142.205s] [109/316] Compiling C++ object src/libcamera/libcamera.so.0.5.1.p/pub_key.cpp.o[K
[144.174s] [109/316] Compiling C++ object src/libcamera/libcamera.so.0.5.1.p/sysfs.cpp.o[K
[144.178s] [110/316] Compiling C++ object src/libcamera/libcamera.so.0.5.1.p/shared_mem_object.cpp.o[K
[147.288s] [110/316] Compiling C++ object src/libcamera/libcamera.so.0.5.1.p/v4l2_device.cpp.o[K
[147.292s] [111/316] Compiling C++ object src/libcamera/libcamera.so.0.5.1.p/source_paths.cpp.o[K
[149.486s] [111/316] Compiling C++ object src/libcamera/libcamera.so.0.5.1.p/v4l2_pixelformat.cpp.o[K
[149.490s] [112/316] Compiling C++ object src/libcamera/libcamera.so.0.5.1.p/process.cpp.o[K
[151.836s] [112/316] Compiling C++ object src/libcamera/libcamera.so.0.5.1.p/v4l2_subdevice.cpp.o[K
[151.837s] [113/316] Compiling C++ object src/libcamera/libcamera.so.0.5.1.p/media_pipeline.cpp.o[K
[152.037s] [113/316] Compiling C++ object src/libcamera/libcamera.so.0.5.1.p/v4l2_videodevice.cpp.o[K
[152.038s] [114/316] Compiling C++ object src/libcamera/libcamera.so.0.5.1.p/sysfs.cpp.o[K
[152.672s] [114/316] Compiling C++ object src/libcamera/libcamera.so.0.5.1.p/vector.cpp.o[K
[152.673s] [115/316] Compiling C++ object src/libcamera/libcamera.so.0.5.1.p/pipeline_handler.cpp.o[K
[156.897s] [115/316] Compiling C++ object src/libcamera/libcamera.so.0.5.1.p/yaml_parser.cpp.o[K
[156.903s] [116/316] Compiling C++ object src/libcamera/libcamera.so.0.5.1.p/v4l2_pixelformat.cpp.o[K
[159.453s] [116/316] Compiling C++ object src/libcamera/libcamera.so.0.5.1.p/converter_converter_v4l2_m2m.cpp.o[K
[159.457s] [117/316] Compiling C++ object src/libcamera/libcamera.so.0.5.1.p/vector.cpp.o[K
[172.228s] [117/316] Compiling C++ object src/libcamera/libcamera.so.0.5.1.p/pipeline_imx8-isi_imx8-isi.cpp.o[K
[172.229s] [118/316] Compiling C++ object src/libcamera/libcamera.so.0.5.1.p/v4l2_device.cpp.o[K
[174.324s] [118/316] Compiling C++ object src/libcamera/libcamera.so.0.5.1.p/pipeline_mali-c55_mali-c55.cpp.o[K
[174.325s] [119/316] Compiling C++ object src/libcamera/libcamera.so.0.5.1.p/yaml_parser.cpp.o[K
[174.954s] [119/316] Compiling C++ object src/libcamera/libcamera.so.0.5.1.p/pipeline_rkisp1_rkisp1.cpp.o[K
[174.959s] [120/316] Compiling C++ object src/libcamera/libcamera.so.0.5.1.p/converter_converter_v4l2_m2m.cpp.o[K
[178.554s] [120/316] Compiling C++ object src/libcamera/libcamera.so.0.5.1.p/pipeline_rkisp1_rkisp1_path.cpp.o[K
[178.555s] [121/316] Compiling C++ object src/libcamera/libcamera.so.0.5.1.p/v4l2_videodevice.cpp.o[K
[188.009s] [121/316] Compiling C++ object src/libcamera/libcamera.so.0.5.1.p/pipeline_rpi_common_delayed_controls.cpp.o[K
[188.014s] [122/316] Compiling C++ object src/libcamera/libcamera.so.0.5.1.p/pipeline_imx8-isi_imx8-isi.cpp.o[K
[190.478s] [122/316] Compiling C++ object src/libcamera/libcamera.so.0.5.1.p/pipeline_rpi_common_pipeline_base.cpp.o[K
[190.479s] [123/316] Compiling C++ object src/libcamera/libcamera.so.0.5.1.p/pipeline_rpi_common_delayed_controls.cpp.o[K
[192.597s] [123/316] Compiling C++ object src/libcamera/libcamera.so.0.5.1.p/pipeline_rpi_common_rpi_stream.cpp.o[K
[192.600s] [124/316] Compiling C++ object src/libcamera/libcamera.so.0.5.1.p/pipeline_rkisp1_rkisp1_path.cpp.o[K
[202.586s] [124/316] Compiling C++ object src/libcamera/libcamera.so.0.5.1.p/pipeline_rpi_pisp_pisp.cpp.o[K
[202.590s] [125/316] Compiling C++ object src/libcamera/libcamera.so.0.5.1.p/pipeline_rpi_common_rpi_stream.cpp.o[K
[208.625s] [125/316] Compiling C++ object src/libcamera/libcamera.so.0.5.1.p/pipeline_rpi_vc4_vc4.cpp.o[K
[208.631s] [126/316] Compiling C++ object src/libcamera/libcamera.so.0.5.1.p/v4l2_subdevice.cpp.o[K
[215.298s] [126/316] Compiling C++ object src/libcamera/libcamera.so.0.5.1.p/pipeline_simple_simple.cpp.o[K
[215.301s] [127/316] Compiling C++ object src/libcamera/libcamera.so.0.5.1.p/pipeline_mali-c55_mali-c55.cpp.o[K
[215.949s] [127/316] Compiling C++ object src/libcamera/libcamera.so.0.5.1.p/pipeline_uvcvideo_uvcvideo.cpp.o[K
[215.952s] [128/316] Compiling C++ object src/libcamera/libcamera.so.0.5.1.p/pipeline_rkisp1_rkisp1.cpp.o[K
[226.429s] [128/316] Compiling C++ object src/libcamera/libcamera.so.0.5.1.p/sensor_camera_sensor.cpp.o[K
[226.436s] [129/316] Compiling C++ object src/libcamera/libcamera.so.0.5.1.p/sensor_camera_sensor.cpp.o[K
[231.983s] [129/316] Compiling C++ object src/libcamera/libcamera.so.0.5.1.p/sensor_camera_sensor_legacy.cpp.o[K
[231.986s] [130/316] Compiling C++ object src/libcamera/libcamera.so.0.5.1.p/pipeline_rpi_common_pipeline_base.cpp.o[K
[239.360s] [130/316] Compiling C++ object src/libcamera/libcamera.so.0.5.1.p/sensor_camera_sensor_properties.cpp.o[K
[239.363s] [131/316] Compiling C++ object src/libcamera/libcamera.so.0.5.1.p/pipeline_uvcvideo_uvcvideo.cpp.o[K
[243.441s] [131/316] Compiling C++ object src/libcamera/libcamera.so.0.5.1.p/sensor_camera_sensor_raw.cpp.o[K
[243.447s] [132/316] Compiling C++ object src/libcamera/libcamera.so.0.5.1.p/pipeline_rpi_vc4_vc4.cpp.o[K
[246.156s] [132/316] Compiling C++ object src/libcamera/libcamera.so.0.5.1.p/software_isp_debayer.cpp.o[K
[246.159s] [133/316] Compiling C++ object src/libcamera/libcamera.so.0.5.1.p/sensor_camera_sensor_properties.cpp.o[K
[249.352s] [133/316] Compiling C++ object src/libcamera/libcamera.so.0.5.1.p/software_isp_debayer_cpu.cpp.o[K
[249.354s] [134/316] Compiling C++ object src/libcamera/libcamera.so.0.5.1.p/pipeline_rpi_pisp_pisp.cpp.o[K
[250.254s] [134/316] Compiling C++ object src/libcamera/libcamera.so.0.5.1.p/software_isp_software_isp.cpp.o[K
[250.264s] [135/316] Compiling C++ object src/libcamera/libcamera.so.0.5.1.p/sensor_camera_sensor_legacy.cpp.o[K
[253.195s] [135/316] Compiling C++ object src/libcamera/libcamera.so.0.5.1.p/software_isp_swstats_cpu.cpp.o[K
[253.197s] [136/316] Compiling C++ object src/libcamera/libcamera.so.0.5.1.p/software_isp_debayer.cpp.o[K
[258.878s] [136/316] Compiling C++ object src/libcamera/libcamera.so.0.5.1.p/tracepoints.cpp.o[K
[258.883s] [137/316] Compiling C++ object src/libcamera/libcamera.so.0.5.1.p/software_isp_swstats_cpu.cpp.o[K
[263.787s] [137/316] Compiling C++ object src/libcamera/libcamera.so.0.5.1.p/device_enumerator_udev.cpp.o[K
[263.788s] [138/316] Compiling C++ object src/libcamera/libcamera.so.0.5.1.p/tracepoints.cpp.o[K
[264.899s] [138/316] Generating src/libcamera/proxy/worker/mali-c55_proxy_worker with a custom command (wrapped by meson to set env)[K
[264.901s] [139/316] Compiling C++ object src/libcamera/libcamera.so.0.5.1.p/pipeline_simple_simple.cpp.o[K
[265.925s] [139/316] Generating src/libcamera/proxy/worker/rkisp1_proxy_worker with a custom command (wrapped by meson to set env)[K
[265.930s] [140/316] Compiling C++ object src/libcamera/libcamera.so.0.5.1.p/sensor_camera_sensor_raw.cpp.o[K
[266.797s] [140/316] Generating src/libcamera/proxy/worker/raspberrypi_proxy_worker with a custom command (wrapped by meson to set env)[K
[266.803s] [141/316] Generating src/libcamera/proxy/worker/mali-c55_proxy_worker with a custom command (wrapped by meson to set env)[K
[266.974s] [141/316] Compiling C++ object src/libcamera/proxy/worker/mali-c55_ipa_proxy.p/meson-generated_.._mali-c55_ipa_proxy_worker.cpp.o[K
[266.976s] [142/316] Generating src/libcamera/proxy/worker/rkisp1_proxy_worker with a custom command (wrapped by meson to set env)[K
[267.203s] [142/316] Compiling C++ object src/libcamera/proxy/worker/rkisp1_ipa_proxy.p/meson-generated_.._rkisp1_ipa_proxy_worker.cpp.o[K
[267.204s] [143/316] Generating src/libcamera/proxy/worker/raspberrypi_proxy_worker with a custom command (wrapped by meson to set env)[K
[268.508s] [143/316] Compiling C++ object src/libcamera/proxy/worker/raspberrypi_ipa_proxy.p/meson-generated_.._raspberrypi_ipa_proxy_worker.cpp.o[K
[268.513s] [144/316] Compiling C++ object src/libcamera/libcamera.so.0.5.1.p/software_isp_debayer_cpu.cpp.o[K
[270.111s] [144/316] Generating src/libcamera/proxy/worker/soft_proxy_worker with a custom command (wrapped by meson to set env)[K
[270.112s] [145/316] Generating src/libcamera/proxy/worker/soft_proxy_worker with a custom command (wrapped by meson to set env)[K
[271.383s] [145/316] Compiling C++ object src/libcamera/proxy/worker/soft_ipa_proxy.p/meson-generated_.._soft_ipa_proxy_worker.cpp.o[K
[271.387s] [146/316] Compiling C++ object src/libcamera/libcamera.so.0.5.1.p/device_enumerator_udev.cpp.o[K
[273.155s] [146/316] Compiling C++ object src/ipa/libipa/libipa.a.p/agc_mean_luminance.cpp.o[K
[273.161s] [147/316] Compiling C++ object src/libcamera/libcamera.so.0.5.1.p/software_isp_software_isp.cpp.o[K
[276.514s] [147/316] Linking target src/libcamera/libcamera.so.0.5.1[K
[276.515s] [148/316] Linking target src/libcamera/libcamera.so.0.5.1[K
[277.474s] [148/316] Generating symbol file src/libcamera/libcamera.so.0.5.1.p/libcamera.so.0.5.1.symbols[K
[277.483s] [149/316] Generating symbol file src/libcamera/libcamera.so.0.5.1.p/libcamera.so.0.5.1.symbols[K
[283.697s] [149/316] Compiling C++ object src/ipa/libipa/libipa.a.p/algorithm.cpp.o[K
[283.698s] [150/316] Compiling C++ object src/ipa/libipa/libipa.a.p/algorithm.cpp.o[K
[290.278s] [150/316] Compiling C++ object src/ipa/libipa/libipa.a.p/awb_bayes.cpp.o[K
[290.287s] [151/316] Compiling C++ object src/ipa/libipa/libipa.a.p/agc_mean_luminance.cpp.o[K
[292.950s] [151/316] Compiling C++ object src/ipa/libipa/libipa.a.p/awb_grey.cpp.o[K
[292.957s] [152/316] Compiling C++ object src/libcamera/proxy/worker/soft_ipa_proxy.p/meson-generated_.._soft_ipa_proxy_worker.cpp.o[K
[292.997s] [152/316] Linking target src/libcamera/proxy/worker/soft_ipa_proxy[K
[292.998s] [153/316] Compiling C++ object src/libcamera/proxy/worker/mali-c55_ipa_proxy.p/meson-generated_.._mali-c55_ipa_proxy_worker.cpp.o[K
[293.934s] [153/316] Linking target src/libcamera/proxy/worker/mali-c55_ipa_proxy[K
[293.935s] [154/316] Linking target src/libcamera/proxy/worker/mali-c55_ipa_proxy[K
[293.985s] [154/316] Compiling C++ object src/ipa/libipa/libipa.a.p/awb.cpp.o[K
[293.985s] [155/316] Linking target src/libcamera/proxy/worker/soft_ipa_proxy[K
[297.916s] [155/316] Compiling C++ object src/ipa/libipa/libipa.a.p/camera_sensor_helper.cpp.o[K
[297.919s] [156/316] Compiling C++ object src/libcamera/proxy/worker/rkisp1_ipa_proxy.p/meson-generated_.._rkisp1_ipa_proxy_worker.cpp.o[K
[298.939s] [156/316] Linking target src/libcamera/proxy/worker/rkisp1_ipa_proxy[K
[298.940s] [157/316] Linking target src/libcamera/proxy/worker/rkisp1_ipa_proxy[K
[302.948s] [157/316] Compiling C++ object src/ipa/libipa/libipa.a.p/colours.cpp.o[K
[302.951s] [158/316] Compiling C++ object src/ipa/libipa/libipa.a.p/awb_grey.cpp.o[K
[303.093s] [158/316] Compiling C++ object src/ipa/libipa/libipa.a.p/exposure_mode_helper.cpp.o[K
[303.100s] [159/316] Compiling C++ object src/libcamera/proxy/worker/raspberrypi_ipa_proxy.p/meson-generated_.._raspberrypi_ipa_proxy_worker.cpp.o[K
[304.003s] [159/316] Linking target src/libcamera/proxy/worker/raspberrypi_ipa_proxy[K
[304.004s] [160/316] Linking target src/libcamera/proxy/worker/raspberrypi_ipa_proxy[K
[307.754s] [160/316] Compiling C++ object src/ipa/libipa/libipa.a.p/fc_queue.cpp.o[K
[307.755s] [161/316] Compiling C++ object src/ipa/libipa/libipa.a.p/awb_bayes.cpp.o[K
[307.839s] [161/316] Compiling C++ object src/ipa/libipa/libipa.a.p/fixedpoint.cpp.o[K
[307.840s] [162/316] Compiling C++ object src/ipa/libipa/libipa.a.p/awb.cpp.o[K
[307.942s] [162/316] Compiling C++ object src/ipa/libipa/libipa.a.p/histogram.cpp.o[K
[307.952s] [163/316] Compiling C++ object src/ipa/libipa/libipa.a.p/colours.cpp.o[K
[309.134s] [163/316] Compiling C++ object src/ipa/libipa/libipa.a.p/interpolator.cpp.o[K
[309.136s] [164/316] Compiling C++ object src/ipa/libipa/libipa.a.p/fixedpoint.cpp.o[K
[309.574s] [164/316] Compiling C++ object src/ipa/libipa/libipa.a.p/lsc_polynomial.cpp.o[K
[309.575s] [165/316] Compiling C++ object src/ipa/libipa/libipa.a.p/fc_queue.cpp.o[K
[309.820s] [165/316] Compiling C++ object src/ipa/libipa/libipa.a.p/lux.cpp.o[K
[309.824s] [166/316] Compiling C++ object src/ipa/libipa/libipa.a.p/exposure_mode_helper.cpp.o[K
[311.105s] [166/316] Compiling C++ object src/ipa/libipa/libipa.a.p/module.cpp.o[K
[311.106s] [167/316] Compiling C++ object src/ipa/libipa/libipa.a.p/camera_sensor_helper.cpp.o[K
[316.285s] [167/316] Compiling C++ object src/ipa/libipa/libipa.a.p/pwl.cpp.o[K
[316.286s] [168/316] Compiling C++ object src/ipa/libipa/libipa.a.p/lux.cpp.o[K
[316.316s] [168/316] Compiling C++ object src/ipa/mali-c55/ipa_mali_c55.so.p/ipa_context.cpp.o[K
[316.317s] [169/316] Compiling C++ object src/ipa/libipa/libipa.a.p/lsc_polynomial.cpp.o[K
[316.487s] [169/316] Compiling C++ object src/ipa/mali-c55/ipa_mali_c55.so.p/mali-c55.cpp.o[K
[316.487s] [170/316] Compiling C++ object src/ipa/libipa/libipa.a.p/interpolator.cpp.o[K
[316.754s] [170/316] Compiling C++ object src/ipa/mali-c55/ipa_mali_c55.so.p/algorithms_agc.cpp.o[K
[316.758s] [171/316] Compiling C++ object src/ipa/libipa/libipa.a.p/histogram.cpp.o[K
[317.451s] [171/316] Compiling C++ object src/ipa/mali-c55/ipa_mali_c55.so.p/algorithms_awb.cpp.o[K
[317.455s] [172/316] Compiling C++ object src/ipa/libipa/libipa.a.p/module.cpp.o[K
[320.986s] [172/316] Compiling C++ object src/ipa/mali-c55/ipa_mali_c55.so.p/algorithms_blc.cpp.o[K
[320.994s] [173/316] Compiling C++ object src/ipa/libipa/libipa.a.p/pwl.cpp.o[K
[321.154s] [173/316] Linking static target src/ipa/libipa/libipa.a[K
[321.155s] [174/316] Linking static target src/ipa/libipa/libipa.a[K
[323.150s] [174/316] Compiling C++ object src/ipa/mali-c55/ipa_mali_c55.so.p/algorithms_lsc.cpp.o[K
[323.155s] [175/316] Compiling C++ object src/ipa/mali-c55/ipa_mali_c55.so.p/ipa_context.cpp.o[K
[329.001s] [175/316] Compiling C++ object src/ipa/rkisp1/ipa_rkisp1.so.p/ipa_context.cpp.o[K
[329.008s] [176/316] Compiling C++ object src/ipa/mali-c55/ipa_mali_c55.so.p/algorithms_blc.cpp.o[K
[329.564s] [176/316] Compiling C++ object src/ipa/rkisp1/ipa_rkisp1.so.p/params.cpp.o[K
[329.572s] [177/316] Compiling C++ object src/ipa/mali-c55/ipa_mali_c55.so.p/algorithms_awb.cpp.o[K
[330.889s] [177/316] Compiling C++ object src/ipa/rkisp1/ipa_rkisp1.so.p/rkisp1.cpp.o[K
[330.891s] [178/316] Compiling C++ object src/ipa/mali-c55/ipa_mali_c55.so.p/algorithms_lsc.cpp.o[K
[331.290s] [178/316] Compiling C++ object src/ipa/rkisp1/ipa_rkisp1.so.p/algorithms_agc.cpp.o[K
[331.291s] [179/316] Compiling C++ object src/ipa/mali-c55/ipa_mali_c55.so.p/algorithms_agc.cpp.o[K
[331.982s] [179/316] Compiling C++ object src/ipa/rkisp1/ipa_rkisp1.so.p/algorithms_awb.cpp.o[K
[331.983s] [180/316] Compiling C++ object src/ipa/rkisp1/ipa_rkisp1.so.p/ipa_context.cpp.o[K
[332.947s] [180/316] Compiling C++ object src/ipa/rkisp1/ipa_rkisp1.so.p/algorithms_blc.cpp.o[K
[332.948s] [181/316] Compiling C++ object src/ipa/mali-c55/ipa_mali_c55.so.p/mali-c55.cpp.o[K
[334.044s] [181/316] Linking target src/ipa/mali-c55/ipa_mali_c55.so[K
[334.048s] [182/316] Linking target src/ipa/mali-c55/ipa_mali_c55.so[K
[334.559s] [182/316] Generating src/ipa/mali-c55/ipa_mali_c55.so.sign with a custom command[K
[334.561s] [183/316] Generating src/ipa/mali-c55/ipa_mali_c55.so.sign with a custom command[K
[337.125s] [183/316] Compiling C++ object src/ipa/rkisp1/ipa_rkisp1.so.p/algorithms_ccm.cpp.o[K
[337.126s] [184/316] Compiling C++ object src/ipa/rkisp1/ipa_rkisp1.so.p/params.cpp.o[K
[341.744s] [184/316] Compiling C++ object src/ipa/rkisp1/ipa_rkisp1.so.p/algorithms_cproc.cpp.o[K
[341.745s] [185/316] Compiling C++ object src/ipa/rkisp1/ipa_rkisp1.so.p/algorithms_blc.cpp.o[K
[347.244s] [185/316] Compiling C++ object src/ipa/rkisp1/ipa_rkisp1.so.p/algorithms_dpcc.cpp.o[K
[347.246s] [186/316] Compiling C++ object src/ipa/rkisp1/ipa_rkisp1.so.p/algorithms_awb.cpp.o[K
[351.634s] [186/316] Compiling C++ object src/ipa/rkisp1/ipa_rkisp1.so.p/algorithms_dpf.cpp.o[K
[351.635s] [187/316] Compiling C++ object src/ipa/rkisp1/ipa_rkisp1.so.p/algorithms_agc.cpp.o[K
[351.814s] [187/316] Compiling C++ object src/ipa/rkisp1/ipa_rkisp1.so.p/algorithms_filter.cpp.o[K
[351.819s] [188/316] Compiling C++ object src/ipa/rkisp1/ipa_rkisp1.so.p/algorithms_cproc.cpp.o[K
[352.514s] [188/316] Compiling C++ object src/ipa/rkisp1/ipa_rkisp1.so.p/algorithms_goc.cpp.o[K
[352.515s] [189/316] Compiling C++ object src/ipa/rkisp1/ipa_rkisp1.so.p/algorithms_ccm.cpp.o[K
[352.594s] [189/316] Compiling C++ object src/ipa/rkisp1/ipa_rkisp1.so.p/algorithms_gsl.cpp.o[K
[352.601s] [190/316] Compiling C++ object src/ipa/rkisp1/ipa_rkisp1.so.p/algorithms_dpcc.cpp.o[K
[356.586s] [190/316] Compiling C++ object src/ipa/rkisp1/ipa_rkisp1.so.p/algorithms_lsc.cpp.o[K
[356.590s] [191/316] Compiling C++ object src/ipa/rkisp1/ipa_rkisp1.so.p/rkisp1.cpp.o[K
[361.215s] [191/316] Compiling C++ object src/ipa/rkisp1/ipa_rkisp1.so.p/algorithms_lux.cpp.o[K
[361.216s] [192/316] Compiling C++ object src/ipa/rkisp1/ipa_rkisp1.so.p/algorithms_dpf.cpp.o[K
[362.659s] [192/316] Compiling C++ object src/ipa/rpi/cam_helper/librpi_ipa_cam_helper.a.p/cam_helper.cpp.o[K
[362.660s] [193/316] Compiling C++ object src/ipa/rkisp1/ipa_rkisp1.so.p/algorithms_filter.cpp.o[K
[363.281s] [193/316] Compiling C++ object src/ipa/rpi/cam_helper/librpi_ipa_cam_helper.a.p/cam_helper_ov5647.cpp.o[K
[363.285s] [194/316] Compiling C++ object src/ipa/rkisp1/ipa_rkisp1.so.p/algorithms_goc.cpp.o[K
[363.734s] [194/316] Compiling C++ object src/ipa/rpi/cam_helper/librpi_ipa_cam_helper.a.p/cam_helper_imx219.cpp.o[K
[363.741s] [195/316] Compiling C++ object src/ipa/rkisp1/ipa_rkisp1.so.p/algorithms_gsl.cpp.o[K
[367.125s] [195/316] Compiling C++ object src/ipa/rpi/cam_helper/librpi_ipa_cam_helper.a.p/cam_helper_imx283.cpp.o[K
[367.127s] [196/316] Compiling C++ object src/ipa/rkisp1/ipa_rkisp1.so.p/algorithms_lux.cpp.o[K
[371.021s] [196/316] Compiling C++ object src/ipa/rpi/cam_helper/librpi_ipa_cam_helper.a.p/cam_helper_imx290.cpp.o[K
[371.026s] [197/316] Compiling C++ object src/ipa/rkisp1/ipa_rkisp1.so.p/algorithms_lsc.cpp.o[K
[371.754s] [197/316] Linking target src/ipa/rkisp1/ipa_rkisp1.so[K
[371.755s] [198/316] Linking target src/ipa/rkisp1/ipa_rkisp1.so[K
[371.877s] [198/316] Generating src/ipa/rkisp1/ipa_rkisp1.so.sign with a custom command[K
[371.878s] [199/316] Generating src/ipa/rkisp1/ipa_rkisp1.so.sign with a custom command[K
[373.434s] [199/316] Compiling C++ object src/ipa/rpi/cam_helper/librpi_ipa_cam_helper.a.p/cam_helper_imx296.cpp.o[K
[373.436s] [200/316] Compiling C++ object src/ipa/rpi/cam_helper/librpi_ipa_cam_helper.a.p/cam_helper_ov5647.cpp.o[K
[374.165s] [200/316] Compiling C++ object src/ipa/rpi/cam_helper/librpi_ipa_cam_helper.a.p/cam_helper_imx415.cpp.o[K
[374.167s] [201/316] Compiling C++ object src/ipa/rpi/cam_helper/librpi_ipa_cam_helper.a.p/cam_helper_imx219.cpp.o[K
[374.453s] [201/316] Compiling C++ object src/ipa/rpi/cam_helper/librpi_ipa_cam_helper.a.p/cam_helper_imx477.cpp.o[K
[374.455s] [202/316] Compiling C++ object src/ipa/rpi/cam_helper/librpi_ipa_cam_helper.a.p/cam_helper_imx283.cpp.o[K
[375.825s] [202/316] Compiling C++ object src/ipa/rpi/cam_helper/librpi_ipa_cam_helper.a.p/cam_helper_imx500.cpp.o[K
[375.829s] [203/316] Compiling C++ object src/ipa/rpi/cam_helper/librpi_ipa_cam_helper.a.p/cam_helper.cpp.o[K
[375.937s] [203/316] Compiling C++ object src/ipa/rpi/cam_helper/librpi_ipa_cam_helper.a.p/cam_helper_imx519.cpp.o[K
[375.942s] [204/316] Compiling C++ object src/ipa/rpi/cam_helper/librpi_ipa_cam_helper.a.p/cam_helper_imx290.cpp.o[K
[384.632s] [204/316] Compiling C++ object src/ipa/rpi/cam_helper/librpi_ipa_cam_helper.a.p/cam_helper_imx708.cpp.o[K
[384.637s] [205/316] Compiling C++ object src/ipa/rpi/cam_helper/librpi_ipa_cam_helper.a.p/cam_helper_imx296.cpp.o[K
[384.783s] [205/316] Compiling C++ object src/ipa/rpi/cam_helper/librpi_ipa_cam_helper.a.p/cam_helper_ov64a40.cpp.o[K
[384.784s] [206/316] Compiling C++ object src/ipa/rpi/cam_helper/librpi_ipa_cam_helper.a.p/cam_helper_imx415.cpp.o[K
[388.141s] [206/316] Compiling C++ object src/ipa/rpi/cam_helper/librpi_ipa_cam_helper.a.p/cam_helper_ov7251.cpp.o[K
[388.148s] [207/316] Compiling C++ object src/ipa/rpi/cam_helper/librpi_ipa_cam_helper.a.p/cam_helper_imx477.cpp.o[K
[389.632s] [207/316] Compiling C++ object src/ipa/rpi/cam_helper/librpi_ipa_cam_helper.a.p/cam_helper_ov9281.cpp.o[K
[389.637s] [208/316] Compiling C++ object src/ipa/rpi/cam_helper/librpi_ipa_cam_helper.a.p/cam_helper_imx519.cpp.o[K
[390.439s] [208/316] Compiling C++ object src/ipa/rpi/cam_helper/librpi_ipa_cam_helper.a.p/md_parser_smia.cpp.o[K
[390.440s] [209/316] Compiling C++ object src/ipa/rpi/cam_helper/librpi_ipa_cam_helper.a.p/cam_helper_imx708.cpp.o[K
[390.755s] [209/316] Compiling C++ object src/ipa/rpi/cam_helper/librpi_ipa_cam_helper.a.p/imx500_tensor_parser_imx500_tensor_parser.cpp.o[K
[390.760s] [210/316] Compiling C++ object src/ipa/rpi/cam_helper/librpi_ipa_cam_helper.a.p/cam_helper_imx500.cpp.o[K
[394.372s] [210/316] Compiling C++ object src/ipa/rpi/common/librpi_ipa_common.a.p/ipa_base.cpp.o[K
[394.380s] [211/316] Compiling C++ object src/ipa/rpi/cam_helper/librpi_ipa_cam_helper.a.p/cam_helper_ov64a40.cpp.o[K
[394.460s] [211/316] Compiling C++ object src/ipa/rpi/controller/librpi_ipa_controller.a.p/algorithm.cpp.o[K
[394.462s] [212/316] Compiling C++ object src/ipa/rpi/cam_helper/librpi_ipa_cam_helper.a.p/cam_helper_ov7251.cpp.o[K
[397.529s] [212/316] Compiling C++ object src/ipa/rpi/controller/librpi_ipa_controller.a.p/controller.cpp.o[K
[397.530s] [213/316] Compiling C++ object src/ipa/rpi/cam_helper/librpi_ipa_cam_helper.a.p/cam_helper_ov9281.cpp.o[K
[398.224s] [213/316] Compiling C++ object src/ipa/rpi/controller/librpi_ipa_controller.a.p/device_status.cpp.o[K
[398.225s] [214/316] Compiling C++ object src/ipa/rpi/cam_helper/librpi_ipa_cam_helper.a.p/md_parser_smia.cpp.o[K
[400.793s] [214/316] Compiling C++ object src/ipa/rpi/controller/librpi_ipa_controller.a.p/histogram.cpp.o[K
[400.797s] [215/316] Compiling C++ object src/ipa/rpi/controller/librpi_ipa_controller.a.p/histogram.cpp.o[K
[402.160s] [215/316] Compiling C++ object src/ipa/rpi/controller/librpi_ipa_controller.a.p/rpi_af.cpp.o[K
[402.164s] [216/316] Compiling C++ object src/ipa/rpi/controller/librpi_ipa_controller.a.p/algorithm.cpp.o[K
[404.767s] [216/316] Compiling C++ object src/ipa/rpi/controller/librpi_ipa_controller.a.p/rpi_agc.cpp.o[K
[404.768s] [217/316] Compiling C++ object src/ipa/rpi/controller/librpi_ipa_controller.a.p/device_status.cpp.o[K
[405.384s] [217/316] Compiling C++ object src/ipa/rpi/controller/librpi_ipa_controller.a.p/rpi_agc_channel.cpp.o[K
[405.387s] [218/316] Compiling C++ object src/ipa/rpi/controller/librpi_ipa_controller.a.p/controller.cpp.o[K
[415.270s] [218/316] Compiling C++ object src/ipa/rpi/controller/librpi_ipa_controller.a.p/rpi_alsc.cpp.o[K
[415.271s] [219/316] Compiling C++ object src/ipa/rpi/cam_helper/librpi_ipa_cam_helper.a.p/imx500_tensor_parser_imx500_tensor_parser.cpp.o[K
[415.432s] [219/316] Linking static target src/ipa/rpi/cam_helper/librpi_ipa_cam_helper.a[K
[415.433s] [220/316] Linking static target src/ipa/rpi/cam_helper/librpi_ipa_cam_helper.a[K
[417.898s] [220/316] Compiling C++ object src/ipa/rpi/controller/librpi_ipa_controller.a.p/rpi_awb.cpp.o[K
[417.899s] [221/316] Compiling C++ object src/ipa/rpi/controller/librpi_ipa_controller.a.p/rpi_af.cpp.o[K
[421.946s] [221/316] Compiling C++ object src/ipa/rpi/controller/librpi_ipa_controller.a.p/rpi_black_level.cpp.o[K
[421.951s] [222/316] Compiling C++ object src/ipa/rpi/controller/librpi_ipa_controller.a.p/rpi_agc.cpp.o[K
[426.754s] [222/316] Compiling C++ object src/ipa/rpi/controller/librpi_ipa_controller.a.p/rpi_cac.cpp.o[K
[426.755s] [223/316] Compiling C++ object src/ipa/rpi/controller/librpi_ipa_controller.a.p/rpi_black_level.cpp.o[K
[428.747s] [223/316] Compiling C++ object src/ipa/rpi/controller/librpi_ipa_controller.a.p/rpi_ccm.cpp.o[K
[428.751s] [224/316] Compiling C++ object src/ipa/rpi/controller/librpi_ipa_controller.a.p/rpi_alsc.cpp.o[K
[434.067s] [224/316] Compiling C++ object src/ipa/rpi/controller/librpi_ipa_controller.a.p/rpi_contrast.cpp.o[K
[434.076s] [225/316] Compiling C++ object src/ipa/rpi/controller/librpi_ipa_controller.a.p/rpi_agc_channel.cpp.o[K
[435.074s] [225/316] Compiling C++ object src/ipa/rpi/controller/librpi_ipa_controller.a.p/rpi_denoise.cpp.o[K
[435.078s] [226/316] Compiling C++ object src/ipa/rpi/controller/librpi_ipa_controller.a.p/rpi_cac.cpp.o[K
[435.679s] [226/316] Compiling C++ object src/ipa/rpi/controller/librpi_ipa_controller.a.p/rpi_dpc.cpp.o[K
[435.685s] [227/316] Compiling C++ object src/ipa/rpi/controller/librpi_ipa_controller.a.p/rpi_awb.cpp.o[K
[441.099s] [227/316] Compiling C++ object src/ipa/rpi/controller/librpi_ipa_controller.a.p/rpi_geq.cpp.o[K
[441.105s] [228/316] Compiling C++ object src/ipa/rpi/controller/librpi_ipa_controller.a.p/rpi_ccm.cpp.o[K
[443.918s] [228/316] Compiling C++ object src/ipa/rpi/controller/librpi_ipa_controller.a.p/rpi_hdr.cpp.o[K
[443.924s] [229/316] Compiling C++ object src/ipa/rpi/controller/librpi_ipa_controller.a.p/rpi_dpc.cpp.o[K
[444.111s] [229/316] Compiling C++ object src/ipa/rpi/controller/librpi_ipa_controller.a.p/rpi_lux.cpp.o[K
[444.116s] [230/316] Compiling C++ object src/ipa/rpi/controller/librpi_ipa_controller.a.p/rpi_contrast.cpp.o[K
[445.695s] [230/316] Compiling C++ object src/ipa/rpi/controller/librpi_ipa_controller.a.p/rpi_noise.cpp.o[K
[445.697s] [231/316] Compiling C++ object src/ipa/rpi/common/librpi_ipa_common.a.p/ipa_base.cpp.o[K
[445.785s] [231/316] Linking static target src/ipa/rpi/common/librpi_ipa_common.a[K
[445.789s] [232/316] Linking static target src/ipa/rpi/common/librpi_ipa_common.a[K
[447.454s] [232/316] Compiling C++ object src/ipa/rpi/controller/librpi_ipa_controller.a.p/rpi_saturation.cpp.o[K
[447.458s] [233/316] Compiling C++ object src/ipa/rpi/controller/librpi_ipa_controller.a.p/rpi_denoise.cpp.o[K
[448.595s] [233/316] Compiling C++ object src/ipa/rpi/controller/librpi_ipa_controller.a.p/rpi_sdn.cpp.o[K
[448.596s] [234/316] Compiling C++ object src/ipa/rpi/controller/librpi_ipa_controller.a.p/rpi_geq.cpp.o[K
[454.877s] [234/316] Compiling C++ object src/ipa/rpi/controller/librpi_ipa_controller.a.p/rpi_sharpen.cpp.o[K
[454.878s] [235/316] Compiling C++ object src/ipa/rpi/controller/librpi_ipa_controller.a.p/rpi_noise.cpp.o[K
[454.886s] [235/316] Compiling C++ object src/ipa/rpi/controller/librpi_ipa_controller.a.p/rpi_sync.cpp.o[K
[454.887s] [236/316] Compiling C++ object src/ipa/rpi/controller/librpi_ipa_controller.a.p/rpi_lux.cpp.o[K
[455.224s] [236/316] Compiling C++ object src/ipa/rpi/controller/librpi_ipa_controller.a.p/rpi_tonemap.cpp.o[K
[455.225s] [237/316] Compiling C++ object src/ipa/rpi/controller/librpi_ipa_controller.a.p/rpi_saturation.cpp.o[K
[456.983s] [237/316] Compiling C++ object src/ipa/rpi/pisp/ipa_rpi_pisp.so.p/pisp.cpp.o[K
[456.984s] [238/316] Compiling C++ object src/ipa/rpi/controller/librpi_ipa_controller.a.p/rpi_sdn.cpp.o[K
[457.760s] [238/316] Compiling C++ object src/ipa/rpi/vc4/ipa_rpi_vc4.so.p/vc4.cpp.o[K
[457.761s] [239/316] Compiling C++ object src/ipa/rpi/controller/librpi_ipa_controller.a.p/rpi_sharpen.cpp.o[K
[465.523s] [239/316] Compiling C++ object src/ipa/simple/ipa_soft_simple.so.p/ipa_context.cpp.o[K
[465.528s] [240/316] Compiling C++ object src/ipa/rpi/controller/librpi_ipa_controller.a.p/rpi_hdr.cpp.o[K
[465.727s] [240/316] Compiling C++ object src/ipa/simple/ipa_soft_simple.so.p/soft_simple.cpp.o[K
[465.728s] [241/316] Compiling C++ object src/ipa/simple/ipa_soft_simple.so.p/ipa_context.cpp.o[K
[467.375s] [241/316] Compiling C++ object src/ipa/simple/ipa_soft_simple.so.p/algorithms_awb.cpp.o[K
[467.380s] [242/316] Compiling C++ object src/ipa/rpi/controller/librpi_ipa_controller.a.p/rpi_sync.cpp.o[K
[468.086s] [242/316] Compiling C++ object src/ipa/simple/ipa_soft_simple.so.p/algorithms_agc.cpp.o[K
[468.088s] [243/316] Compiling C++ object src/ipa/rpi/controller/librpi_ipa_controller.a.p/rpi_tonemap.cpp.o[K
[468.279s] [243/316] Linking static target src/ipa/rpi/controller/librpi_ipa_controller.a[K
[468.280s] [244/316] Linking static target src/ipa/rpi/controller/librpi_ipa_controller.a[K
[475.671s] [244/316] Compiling C++ object src/ipa/simple/ipa_soft_simple.so.p/algorithms_blc.cpp.o[K
[475.672s] [245/316] Compiling C++ object src/ipa/simple/ipa_soft_simple.so.p/algorithms_awb.cpp.o[K
[477.194s] [245/316] Compiling C++ object src/ipa/simple/ipa_soft_simple.so.p/algorithms_ccm.cpp.o[K
[477.195s] [246/316] Compiling C++ object src/ipa/rpi/vc4/ipa_rpi_vc4.so.p/vc4.cpp.o[K
[478.941s] [246/316] Linking target src/ipa/rpi/vc4/ipa_rpi_vc4.so[K
[478.946s] [247/316] Compiling C++ object src/ipa/simple/ipa_soft_simple.so.p/algorithms_agc.cpp.o[K
[478.999s] [247/316] Compiling C++ object src/ipa/simple/ipa_soft_simple.so.p/algorithms_lut.cpp.o[K
[479.000s] [248/316] Compiling C++ object src/ipa/simple/ipa_soft_simple.so.p/algorithms_blc.cpp.o[K
[479.490s] [248/316] Compiling C++ object src/apps/common/libapps.a.p/image.cpp.o[K
[479.490s] [249/316] Compiling C++ object src/ipa/rpi/pisp/ipa_rpi_pisp.so.p/pisp.cpp.o[K
[479.777s] [249/316] Linking target src/ipa/rpi/pisp/ipa_rpi_pisp.so[K
[479.778s] [250/316] Linking target src/ipa/rpi/vc4/ipa_rpi_vc4.so[K
[479.845s] [250/316] Generating src/ipa/rpi/vc4/ipa_rpi_vc4.so.sign with a custom command[K
[479.851s] [251/316] Generating src/ipa/rpi/vc4/ipa_rpi_vc4.so.sign with a custom command[K
[480.858s] [251/316] Compiling C++ object src/apps/common/libapps.a.p/options.cpp.o[K
[480.859s] [252/316] Linking target src/ipa/rpi/pisp/ipa_rpi_pisp.so[K
[480.982s] [252/316] Generating src/ipa/rpi/pisp/ipa_rpi_pisp.so.sign with a custom command[K
[480.983s] [253/316] Generating src/ipa/rpi/pisp/ipa_rpi_pisp.so.sign with a custom command[K
[485.466s] [253/316] Compiling C++ object src/apps/common/libapps.a.p/ppm_writer.cpp.o[K
[485.473s] [254/316] Compiling C++ object src/ipa/simple/ipa_soft_simple.so.p/soft_simple.cpp.o[K
[486.287s] [254/316] Compiling C++ object src/apps/common/libapps.a.p/stream_options.cpp.o[K
[486.288s] [255/316] Compiling C++ object src/apps/common/libapps.a.p/image.cpp.o[K
[486.535s] [255/316] Compiling C++ object src/apps/common/libapps.a.p/event_loop.cpp.o[K
[486.536s] [256/316] Compiling C++ object src/apps/common/libapps.a.p/ppm_writer.cpp.o[K
[487.702s] [256/316] Compiling C++ object src/apps/common/libapps.a.p/dng_writer.cpp.o[K
[487.703s] [257/316] Compiling C++ object src/ipa/simple/ipa_soft_simple.so.p/algorithms_ccm.cpp.o[K
[490.770s] [257/316] Compiling C++ object src/apps/lc-compliance/lc-compliance.p/environment.cpp.o[K
[490.774s] [258/316] Compiling C++ object src/ipa/simple/ipa_soft_simple.so.p/algorithms_lut.cpp.o[K
[491.744s] [258/316] Linking target src/ipa/simple/ipa_soft_simple.so[K
[491.751s] [259/316] Linking target src/ipa/simple/ipa_soft_simple.so[K
[491.857s] [259/316] Generating src/ipa/simple/ipa_soft_simple.so.sign with a custom command[K
[491.858s] [260/316] Generating src/ipa/simple/ipa_soft_simple.so.sign with a custom command[K
[496.112s] [260/316] Compiling C++ object src/apps/lc-compliance/lc-compliance.p/helpers_capture.cpp.o[K
[496.112s] [261/316] Compiling C++ object src/apps/lc-compliance/lc-compliance.p/environment.cpp.o[K
[496.362s] [261/316] Compiling C++ object src/apps/lc-compliance/lc-compliance.p/main.cpp.o[K
[496.363s] [262/316] Compiling C++ object src/apps/common/libapps.a.p/event_loop.cpp.o[K
[496.493s] [262/316] Compiling C++ object src/apps/lc-compliance/lc-compliance.p/test_base.cpp.o[K
[496.496s] [263/316] Compiling C++ object src/apps/common/libapps.a.p/stream_options.cpp.o[K
[499.019s] [263/316] Compiling C++ object src/apps/lc-compliance/lc-compliance.p/tests_capture_test.cpp.o[K
[499.024s] [264/316] Compiling C++ object src/apps/common/libapps.a.p/dng_writer.cpp.o[K
[505.995s] [264/316] Compiling C++ object src/apps/cam/cam.p/camera_session.cpp.o[K
[505.999s] [265/316] Compiling C++ object src/apps/common/libapps.a.p/options.cpp.o[K
[506.102s] [265/316] Linking static target src/apps/common/libapps.a[K
[506.103s] [266/316] Linking static target src/apps/common/libapps.a[K
[509.532s] [266/316] Compiling C++ object src/apps/cam/cam.p/capture_script.cpp.o[K
[509.541s] [267/316] Compiling C++ object src/apps/lc-compliance/lc-compliance.p/test_base.cpp.o[K
[512.121s] [267/316] Compiling C++ object src/apps/cam/cam.p/file_sink.cpp.o[K
[512.122s] [268/316] Compiling C++ object src/apps/lc-compliance/lc-compliance.p/main.cpp.o[K
[514.276s] [268/316] Compiling C++ object src/apps/cam/cam.p/frame_sink.cpp.o[K
[514.279s] [269/316] Compiling C++ object src/apps/lc-compliance/lc-compliance.p/helpers_capture.cpp.o[K
[516.265s] [269/316] Compiling C++ object src/apps/cam/cam.p/main.cpp.o[K
[516.273s] [270/316] Compiling C++ object src/apps/cam/cam.p/frame_sink.cpp.o[K
[521.444s] [270/316] Compiling C++ object src/apps/cam/cam.p/drm.cpp.o[K
[521.452s] [271/316] Compiling C++ object src/apps/cam/cam.p/file_sink.cpp.o[K
[526.966s] [271/316] Compiling C++ object src/apps/cam/cam.p/kms_sink.cpp.o[K
[526.970s] [272/316] Compiling C++ object src/apps/cam/cam.p/capture_script.cpp.o[K
[532.396s] [272/316] Compiling C++ object src/apps/cam/cam.p/sdl_sink.cpp.o[K
[532.402s] [273/316] Compiling C++ object src/apps/lc-compliance/lc-compliance.p/tests_capture_test.cpp.o[K
[532.448s] [273/316] Linking target src/apps/lc-compliance/lc-compliance[K
[532.457s] [274/316] Compiling C++ object src/apps/cam/cam.p/main.cpp.o[K
[533.939s] [274/316] Compiling C++ object src/apps/cam/cam.p/sdl_texture.cpp.o[K
[533.940s] [275/316] Linking target src/apps/lc-compliance/lc-compliance[K
[534.589s] [275/316] Compiling C++ object src/apps/cam/cam.p/sdl_texture_1plane.cpp.o[K
[534.590s] [276/316] Compiling C++ object src/apps/cam/cam.p/camera_session.cpp.o[K
[535.182s] [276/316] Compiling C++ object src/apps/cam/cam.p/sdl_texture_yuv.cpp.o[K
[535.187s] [277/316] Compiling C++ object src/apps/cam/cam.p/kms_sink.cpp.o[K
[538.401s] [277/316] Compiling C++ object src/apps/cam/cam.p/sdl_texture_mjpg.cpp.o[K
[538.404s] [278/316] Compiling C++ object src/apps/cam/cam.p/drm.cpp.o[K
[541.143s] [278/316] Compiling C++ object src/apps/ipa-verify/ipa_verify.p/main.cpp.o[K
[541.144s] [279/316] Compiling C++ object src/apps/cam/cam.p/sdl_texture_yuv.cpp.o[K
[541.519s] [279/316] Generating src/gstreamer/gstlibcamera-controls.cpp with a custom command (wrapped by meson to set env)[K
[541.520s] [280/316] Compiling C++ object src/apps/cam/cam.p/sdl_texture.cpp.o[K
[541.876s] [280/316] Compiling C++ object src/gstreamer/libgstlibcamera.so.p/gstlibcamera-utils.cpp.o[K
[541.877s] [281/316] Compiling C++ object src/apps/cam/cam.p/sdl_texture_1plane.cpp.o[K
[542.548s] [281/316] Compiling C++ object src/gstreamer/libgstlibcamera.so.p/gstlibcamera.cpp.o[K
[542.553s] [282/316] Compiling C++ object src/apps/cam/cam.p/sdl_sink.cpp.o[K
[543.171s] [282/316] Compiling C++ object src/gstreamer/libgstlibcamera.so.p/gstlibcameraallocator.cpp.o[K
[543.174s] [283/316] Generating src/gstreamer/gstlibcamera-controls.cpp with a custom command (wrapped by meson to set env)[K
[544.144s] [283/316] Compiling C++ object src/gstreamer/libgstlibcamera.so.p/meson-generated_.._gstlibcamera-controls.cpp.o[K
[544.148s] [284/316] Compiling C++ object src/gstreamer/libgstlibcamera.so.p/gstlibcamera.cpp.o[K
[545.080s] [284/316] Compiling C++ object src/gstreamer/libgstlibcamera.so.p/gstlibcamerapad.cpp.o[K
[545.084s] [285/316] Compiling C++ object src/apps/cam/cam.p/sdl_texture_mjpg.cpp.o[K
[546.912s] [285/316] Linking target src/apps/cam/cam[K
[546.913s] [286/316] Linking target src/apps/cam/cam[K
[547.642s] [286/316] Compiling C++ object src/gstreamer/libgstlibcamera.so.p/gstlibcamerapool.cpp.o[K
[547.643s] [287/316] Compiling C++ object src/apps/ipa-verify/ipa_verify.p/main.cpp.o[K
[548.612s] [287/316] Linking target src/apps/ipa-verify/ipa_verify[K
[548.615s] [288/316] Linking target src/apps/ipa-verify/ipa_verify[K
[551.126s] [288/316] Compiling C++ object src/gstreamer/libgstlibcamera.so.p/gstlibcameraprovider.cpp.o[K
[551.127s] [289/316] Compiling C++ object src/gstreamer/libgstlibcamera.so.p/gstlibcamera-utils.cpp.o[K
[552.034s] [289/316] Compiling C++ object src/gstreamer/libgstlibcamera.so.p/gstlibcamerasrc.cpp.o[K
[552.034s] [290/316] Compiling C++ object src/gstreamer/libgstlibcamera.so.p/gstlibcameraallocator.cpp.o[K
[553.312s] [290/316] Generating src/py/libcamera/py_gen_controls with a custom command (wrapped by meson to set env)[K
[553.317s] [291/316] Generating src/py/libcamera/py_gen_controls with a custom command (wrapped by meson to set env)[K
[553.669s] [291/316] Generating src/py/libcamera/py_gen_properties with a custom command (wrapped by meson to set env)[K
[553.677s] [292/316] Compiling C++ object src/gstreamer/libgstlibcamera.so.p/gstlibcamerapad.cpp.o[K
[554.242s] [292/316] Generating src/py/libcamera/py_gen_formats with a custom command[K
[554.248s] [293/316] Generating src/py/libcamera/py_gen_properties with a custom command (wrapped by meson to set env)[K
[554.425s] [293/316] Compiling C++ object src/py/libcamera/_libcamera.so.p/meson-generated_.._py_controls_generated.cpp.o[K
[554.426s] [294/316] Generating src/py/libcamera/py_gen_formats with a custom command[K
[556.388s] [294/316] Compiling C++ object src/py/libcamera/_libcamera.so.p/meson-generated_.._py_properties_generated.cpp.o[K
[556.389s] [295/316] Compiling C++ object src/gstreamer/libgstlibcamera.so.p/gstlibcameraprovider.cpp.o[K
[557.909s] [295/316] Compiling C++ object src/py/libcamera/_libcamera.so.p/meson-generated_.._py_formats_generated.cpp.o[K
[557.911s] [296/316] Compiling C++ object src/gstreamer/libgstlibcamera.so.p/gstlibcamerapool.cpp.o[K
[558.567s] [296/316] Compiling C++ object src/py/libcamera/_libcamera.so.p/py_camera_manager.cpp.o[K
[558.575s] [297/316] Compiling C++ object src/gstreamer/libgstlibcamera.so.p/meson-generated_.._gstlibcamera-controls.cpp.o[K
[572.410s] [297/316] Compiling C++ object src/py/libcamera/_libcamera.so.p/py_color_space.cpp.o[K
[572.418s] [298/316] Compiling C++ object src/gstreamer/libgstlibcamera.so.p/gstlibcamerasrc.cpp.o[K
[573.615s] [298/316] Linking target src/gstreamer/libgstlibcamera.so[K
[573.616s] [299/316] Linking target src/gstreamer/libgstlibcamera.so[K
[606.254s] [299/316] Compiling C++ object src/py/libcamera/_libcamera.so.p/py_enums.cpp.o[K
[606.257s] [300/316] Compiling C++ object src/py/libcamera/_libcamera.so.p/meson-generated_.._py_formats_generated.cpp.o[K
[606.342s] [300/316] Compiling C++ object src/py/libcamera/_libcamera.so.p/py_geometry.cpp.o[K
[606.346s] [301/316] Compiling C++ object src/py/libcamera/_libcamera.so.p/py_camera_manager.cpp.o[K
[628.823s] [301/316] Compiling C++ object src/py/libcamera/_libcamera.so.p/py_helpers.cpp.o[K
[628.824s] [302/316] Compiling C++ object src/py/libcamera/_libcamera.so.p/meson-generated_.._py_properties_generated.cpp.o[K
[651.170s] [302/316] Compiling C++ object src/py/libcamera/_libcamera.so.p/py_main.cpp.o[K
[651.172s] [303/316] Compiling C++ object src/py/libcamera/_libcamera.so.p/py_color_space.cpp.o[K
[654.819s] [303/316] Compiling C++ object src/py/libcamera/_libcamera.so.p/py_transform.cpp.o[K
[654.824s] [304/316] Compiling C++ object src/py/libcamera/_libcamera.so.p/py_enums.cpp.o[K
[671.094s] [304/316] Compiling C++ object src/v4l2/v4l2-compat.so.p/v4l2_camera.cpp.o[K
[671.097s] [305/316] Compiling C++ object src/v4l2/v4l2-compat.so.p/v4l2_camera.cpp.o[K
[679.104s] [305/316] Compiling C++ object src/v4l2/v4l2-compat.so.p/v4l2_camera_file.cpp.o[K
[679.105s] [306/316] Compiling C++ object src/py/libcamera/_libcamera.so.p/py_helpers.cpp.o[K
[681.384s] [306/316] Compiling C++ object src/v4l2/v4l2-compat.so.p/v4l2_camera_proxy.cpp.o[K
[681.391s] [307/316] Compiling C++ object src/v4l2/v4l2-compat.so.p/v4l2_camera_file.cpp.o[K
[691.096s] [307/316] Compiling C++ object src/v4l2/v4l2-compat.so.p/v4l2_compat.cpp.o[K
[691.097s] [308/316] Compiling C++ object src/v4l2/v4l2-compat.so.p/v4l2_compat.cpp.o[K
[696.259s] [308/316] Compiling C++ object src/v4l2/v4l2-compat.so.p/v4l2_compat_manager.cpp.o[K
[697.609s] [309/316] Compiling C++ object src/py/libcamera/_libcamera.so.p/py_geometry.cpp.o[K
[699.346s] [310/316] Compiling C++ object src/py/libcamera/_libcamera.so.p/meson-generated_.._py_controls_generated.cpp.o[K
[703.770s] [311/316] Compiling C++ object src/v4l2/v4l2-compat.so.p/v4l2_camera_proxy.cpp.o[K
[703.771s] [312/316] Compiling C++ object src/v4l2/v4l2-compat.so.p/v4l2_compat_manager.cpp.o[K
[704.285s] [312/316] Linking target src/v4l2/v4l2-compat.so[K
[708.665s] [313/316] Linking target src/v4l2/v4l2-compat.so[K
[742.676s] [314/316] Compiling C++ object src/py/libcamera/_libcamera.so.p/py_transform.cpp.o[K
[742.676s] [315/316] Compiling C++ object src/py/libcamera/_libcamera.so.p/py_main.cpp.o[K
[743.462s] [315/316] Linking target src/py/libcamera/_libcamera.so[K
[743.462s] [316/316] Linking target src/py/libcamera/_libcamera.so[K
[743.790s] Invoked command in '/home/pi/picam_ws/build/libcamera' returned '0': /usr/bin/meson compile
[743.810s] Invoking command in '/home/pi/picam_ws/build/libcamera': /usr/bin/meson install
[745.949s] ninja: Entering directory `/home/pi/picam_ws/build/libcamera'
[746.172s] 
[747.537s] [0/24] Generating src/libcamera/version.cpp with a custom command[K
[747.538s] [1/24] Generating src/libcamera/version.cpp with a custom command[K
[747.548s] Installing include/libcamera/ipa/core_ipa_interface.h to /home/pi/picam_ws/install/libcamera/include/libcamera/libcamera/ipa
[747.550s] Installing include/libcamera/ipa/mali-c55_ipa_interface.h to /home/pi/picam_ws/install/libcamera/include/libcamera/libcamera/ipa
[747.553s] Installing include/libcamera/ipa/rkisp1_ipa_interface.h to /home/pi/picam_ws/install/libcamera/include/libcamera/libcamera/ipa
[747.555s] Installing include/libcamera/ipa/raspberrypi_ipa_interface.h to /home/pi/picam_ws/install/libcamera/include/libcamera/libcamera/ipa
[747.558s] Installing include/libcamera/ipa/soft_ipa_interface.h to /home/pi/picam_ws/install/libcamera/include/libcamera/libcamera/ipa
[747.560s] Installing include/libcamera/control_ids.h to /home/pi/picam_ws/install/libcamera/include/libcamera/libcamera
[747.562s] Installing include/libcamera/property_ids.h to /home/pi/picam_ws/install/libcamera/include/libcamera/libcamera
[747.563s] Installing include/libcamera/formats.h to /home/pi/picam_ws/install/libcamera/include/libcamera/libcamera
[747.565s] Installing include/libcamera/libcamera.h to /home/pi/picam_ws/install/libcamera/include/libcamera/libcamera
[747.566s] Installing src/libcamera/base/libcamera-base.so.0.5.1 to /home/pi/picam_ws/install/libcamera/lib
[747.571s] Installing src/libcamera/libcamera.so.0.5.1 to /home/pi/picam_ws/install/libcamera/lib
[747.630s] Installing src/libcamera/proxy/worker/mali-c55_ipa_proxy to /home/pi/picam_ws/install/libcamera/libexec/libcamera
[747.640s] Installing src/libcamera/proxy/worker/rkisp1_ipa_proxy to /home/pi/picam_ws/install/libcamera/libexec/libcamera
[747.649s] Installing src/libcamera/proxy/worker/raspberrypi_ipa_proxy to /home/pi/picam_ws/install/libcamera/libexec/libcamera
[747.660s] Installing src/libcamera/proxy/worker/soft_ipa_proxy to /home/pi/picam_ws/install/libcamera/libexec/libcamera
[747.671s] Installing src/ipa/mali-c55/ipa_mali_c55.so to /home/pi/picam_ws/install/libcamera/lib/libcamera/ipa
[747.687s] Installing src/ipa/rkisp1/ipa_rkisp1.so to /home/pi/picam_ws/install/libcamera/lib/libcamera/ipa
[747.709s] Installing src/ipa/rpi/pisp/ipa_rpi_pisp.so to /home/pi/picam_ws/install/libcamera/lib/libcamera/ipa
[747.740s] Installing src/ipa/rpi/vc4/ipa_rpi_vc4.so to /home/pi/picam_ws/install/libcamera/lib/libcamera/ipa
[747.771s] Installing src/ipa/simple/ipa_soft_simple.so to /home/pi/picam_ws/install/libcamera/lib/libcamera/ipa
[747.784s] Installing src/apps/lc-compliance/lc-compliance to /home/pi/picam_ws/install/libcamera/bin
[747.811s] Installing src/apps/cam/cam to /home/pi/picam_ws/install/libcamera/bin
[747.829s] Installing src/gstreamer/libgstlibcamera.so to /home/pi/picam_ws/install/libcamera/lib/gstreamer-1.0
[747.843s] Installing src/py/libcamera/_libcamera.so to /home/pi/picam_ws/install/libcamera/lib/python3.12/site-packages/libcamera
[747.856s] Installing src/v4l2/v4l2-compat.so to /home/pi/picam_ws/install/libcamera/libexec/libcamera
[747.861s] Installing /home/pi/picam_ws/src/libcamera/include/libcamera/base/bound_method.h to /home/pi/picam_ws/install/libcamera/include/libcamera/libcamera/base
[747.862s] Installing /home/pi/picam_ws/src/libcamera/include/libcamera/base/class.h to /home/pi/picam_ws/install/libcamera/include/libcamera/libcamera/base
[747.864s] Installing /home/pi/picam_ws/src/libcamera/include/libcamera/base/flags.h to /home/pi/picam_ws/install/libcamera/include/libcamera/libcamera/base
[747.865s] Installing /home/pi/picam_ws/src/libcamera/include/libcamera/base/object.h to /home/pi/picam_ws/install/libcamera/include/libcamera/libcamera/base
[747.866s] Installing /home/pi/picam_ws/src/libcamera/include/libcamera/base/shared_fd.h to /home/pi/picam_ws/install/libcamera/include/libcamera/libcamera/base
[747.868s] Installing /home/pi/picam_ws/src/libcamera/include/libcamera/base/signal.h to /home/pi/picam_ws/install/libcamera/include/libcamera/libcamera/base
[747.869s] Installing /home/pi/picam_ws/src/libcamera/include/libcamera/base/span.h to /home/pi/picam_ws/install/libcamera/include/libcamera/libcamera/base
[747.871s] Installing /home/pi/picam_ws/src/libcamera/include/libcamera/base/unique_fd.h to /home/pi/picam_ws/install/libcamera/include/libcamera/libcamera/base
[747.872s] Installing /home/pi/picam_ws/src/libcamera/include/libcamera/ipa/ipa_controls.h to /home/pi/picam_ws/install/libcamera/include/libcamera/libcamera/ipa
[747.875s] Installing /home/pi/picam_ws/src/libcamera/include/libcamera/ipa/ipa_interface.h to /home/pi/picam_ws/install/libcamera/include/libcamera/libcamera/ipa
[747.877s] Installing /home/pi/picam_ws/src/libcamera/include/libcamera/ipa/ipa_module_info.h to /home/pi/picam_ws/install/libcamera/include/libcamera/libcamera/ipa
[747.879s] Installing /home/pi/picam_ws/src/libcamera/include/libcamera/camera.h to /home/pi/picam_ws/install/libcamera/include/libcamera/libcamera
[747.880s] Installing /home/pi/picam_ws/src/libcamera/include/libcamera/camera_manager.h to /home/pi/picam_ws/install/libcamera/include/libcamera/libcamera
[747.882s] Installing /home/pi/picam_ws/src/libcamera/include/libcamera/color_space.h to /home/pi/picam_ws/install/libcamera/include/libcamera/libcamera
[747.883s] Installing /home/pi/picam_ws/src/libcamera/include/libcamera/controls.h to /home/pi/picam_ws/install/libcamera/include/libcamera/libcamera
[747.884s] Installing /home/pi/picam_ws/src/libcamera/include/libcamera/fence.h to /home/pi/picam_ws/install/libcamera/include/libcamera/libcamera
[747.886s] Installing /home/pi/picam_ws/src/libcamera/include/libcamera/framebuffer.h to /home/pi/picam_ws/install/libcamera/include/libcamera/libcamera
[747.887s] Installing /home/pi/picam_ws/src/libcamera/include/libcamera/framebuffer_allocator.h to /home/pi/picam_ws/install/libcamera/include/libcamera/libcamera
[747.889s] Installing /home/pi/picam_ws/src/libcamera/include/libcamera/geometry.h to /home/pi/picam_ws/install/libcamera/include/libcamera/libcamera
[747.890s] Installing /home/pi/picam_ws/src/libcamera/include/libcamera/logging.h to /home/pi/picam_ws/install/libcamera/include/libcamera/libcamera
[747.892s] Installing /home/pi/picam_ws/src/libcamera/include/libcamera/orientation.h to /home/pi/picam_ws/install/libcamera/include/libcamera/libcamera
[747.893s] Installing /home/pi/picam_ws/src/libcamera/include/libcamera/pixel_format.h to /home/pi/picam_ws/install/libcamera/include/libcamera/libcamera
[747.894s] Installing /home/pi/picam_ws/src/libcamera/include/libcamera/request.h to /home/pi/picam_ws/install/libcamera/include/libcamera/libcamera
[747.896s] Installing /home/pi/picam_ws/src/libcamera/include/libcamera/stream.h to /home/pi/picam_ws/install/libcamera/include/libcamera/libcamera
[747.897s] Installing /home/pi/picam_ws/src/libcamera/include/libcamera/transform.h to /home/pi/picam_ws/install/libcamera/include/libcamera/libcamera
[747.898s] Installing /home/pi/picam_ws/build/libcamera/include/libcamera/version.h to /home/pi/picam_ws/install/libcamera/include/libcamera/libcamera
[747.900s] Installing /home/pi/picam_ws/build/libcamera/meson-private/libcamera-base.pc to /home/pi/picam_ws/install/libcamera/lib/pkgconfig
[747.905s] Installing /home/pi/picam_ws/src/libcamera/src/libcamera/pipeline/rpi/pisp/data/example.yaml to /home/pi/picam_ws/install/libcamera/share/libcamera/pipeline/rpi/pisp
[747.907s] Installing /home/pi/picam_ws/src/libcamera/src/libcamera/pipeline/rpi/vc4/data/example.yaml to /home/pi/picam_ws/install/libcamera/share/libcamera/pipeline/rpi/vc4
[747.908s] Installing /home/pi/picam_ws/src/libcamera/src/libcamera/pipeline/rpi/vc4/data/rpi_apps.yaml to /home/pi/picam_ws/install/libcamera/share/libcamera/pipeline/rpi/vc4
[747.910s] Installing /home/pi/picam_ws/build/libcamera/meson-private/libcamera.pc to /home/pi/picam_ws/install/libcamera/lib/pkgconfig
[747.913s] Installing /home/pi/picam_ws/src/libcamera/src/ipa/mali-c55/data/imx415.yaml to /home/pi/picam_ws/install/libcamera/share/libcamera/ipa/mali-c55
[747.917s] Installing /home/pi/picam_ws/src/libcamera/src/ipa/mali-c55/data/uncalibrated.yaml to /home/pi/picam_ws/install/libcamera/share/libcamera/ipa/mali-c55
[747.920s] Installing /home/pi/picam_ws/src/libcamera/src/ipa/rkisp1/data/imx219.yaml to /home/pi/picam_ws/install/libcamera/share/libcamera/ipa/rkisp1
[747.923s] Installing /home/pi/picam_ws/src/libcamera/src/ipa/rkisp1/data/imx258.yaml to /home/pi/picam_ws/install/libcamera/share/libcamera/ipa/rkisp1
[747.927s] Installing /home/pi/picam_ws/src/libcamera/src/ipa/rkisp1/data/ov2685.yaml to /home/pi/picam_ws/install/libcamera/share/libcamera/ipa/rkisp1
[747.930s] Installing /home/pi/picam_ws/src/libcamera/src/ipa/rkisp1/data/ov4689.yaml to /home/pi/picam_ws/install/libcamera/share/libcamera/ipa/rkisp1
[747.932s] Installing /home/pi/picam_ws/src/libcamera/src/ipa/rkisp1/data/ov5640.yaml to /home/pi/picam_ws/install/libcamera/share/libcamera/ipa/rkisp1
[747.935s] Installing /home/pi/picam_ws/src/libcamera/src/ipa/rkisp1/data/ov5695.yaml to /home/pi/picam_ws/install/libcamera/share/libcamera/ipa/rkisp1
[747.938s] Installing /home/pi/picam_ws/src/libcamera/src/ipa/rkisp1/data/ov8858.yaml to /home/pi/picam_ws/install/libcamera/share/libcamera/ipa/rkisp1
[747.942s] Installing /home/pi/picam_ws/src/libcamera/src/ipa/rkisp1/data/uncalibrated.yaml to /home/pi/picam_ws/install/libcamera/share/libcamera/ipa/rkisp1
[747.945s] Installing /home/pi/picam_ws/src/libcamera/src/ipa/rpi/pisp/data/imx219.json to /home/pi/picam_ws/install/libcamera/share/libcamera/ipa/rpi/pisp
[747.948s] Installing /home/pi/picam_ws/src/libcamera/src/ipa/rpi/pisp/data/imx219_noir.json to /home/pi/picam_ws/install/libcamera/share/libcamera/ipa/rpi/pisp
[747.950s] Installing /home/pi/picam_ws/src/libcamera/src/ipa/rpi/pisp/data/imx283.json to /home/pi/picam_ws/install/libcamera/share/libcamera/ipa/rpi/pisp
[747.952s] Installing /home/pi/picam_ws/src/libcamera/src/ipa/rpi/pisp/data/imx290.json to /home/pi/picam_ws/install/libcamera/share/libcamera/ipa/rpi/pisp
[747.954s] Installing /home/pi/picam_ws/src/libcamera/src/ipa/rpi/pisp/data/imx296.json to /home/pi/picam_ws/install/libcamera/share/libcamera/ipa/rpi/pisp
[747.956s] Installing /home/pi/picam_ws/src/libcamera/src/ipa/rpi/pisp/data/imx296_mono.json to /home/pi/picam_ws/install/libcamera/share/libcamera/ipa/rpi/pisp
[747.958s] Installing /home/pi/picam_ws/src/libcamera/src/ipa/rpi/pisp/data/imx378.json to /home/pi/picam_ws/install/libcamera/share/libcamera/ipa/rpi/pisp
[747.960s] Installing /home/pi/picam_ws/src/libcamera/src/ipa/rpi/pisp/data/imx415.json to /home/pi/picam_ws/install/libcamera/share/libcamera/ipa/rpi/pisp
[747.962s] Installing /home/pi/picam_ws/src/libcamera/src/ipa/rpi/pisp/data/imx462.json to /home/pi/picam_ws/install/libcamera/share/libcamera/ipa/rpi/pisp
[747.963s] Installing /home/pi/picam_ws/src/libcamera/src/ipa/rpi/pisp/data/imx477.json to /home/pi/picam_ws/install/libcamera/share/libcamera/ipa/rpi/pisp
[747.965s] Installing /home/pi/picam_ws/src/libcamera/src/ipa/rpi/pisp/data/imx477_noir.json to /home/pi/picam_ws/install/libcamera/share/libcamera/ipa/rpi/pisp
[747.967s] Installing /home/pi/picam_ws/src/libcamera/src/ipa/rpi/pisp/data/imx477_scientific.json to /home/pi/picam_ws/install/libcamera/share/libcamera/ipa/rpi/pisp
[747.968s] Installing /home/pi/picam_ws/src/libcamera/src/ipa/rpi/pisp/data/imx500.json to /home/pi/picam_ws/install/libcamera/share/libcamera/ipa/rpi/pisp
[747.970s] Installing /home/pi/picam_ws/src/libcamera/src/ipa/rpi/pisp/data/imx519.json to /home/pi/picam_ws/install/libcamera/share/libcamera/ipa/rpi/pisp
[747.972s] Installing /home/pi/picam_ws/src/libcamera/src/ipa/rpi/pisp/data/imx708.json to /home/pi/picam_ws/install/libcamera/share/libcamera/ipa/rpi/pisp
[747.973s] Installing /home/pi/picam_ws/src/libcamera/src/ipa/rpi/pisp/data/imx708_noir.json to /home/pi/picam_ws/install/libcamera/share/libcamera/ipa/rpi/pisp
[747.975s] Installing /home/pi/picam_ws/src/libcamera/src/ipa/rpi/pisp/data/imx708_wide.json to /home/pi/picam_ws/install/libcamera/share/libcamera/ipa/rpi/pisp
[747.977s] Installing /home/pi/picam_ws/src/libcamera/src/ipa/rpi/pisp/data/imx708_wide_noir.json to /home/pi/picam_ws/install/libcamera/share/libcamera/ipa/rpi/pisp
[747.979s] Installing /home/pi/picam_ws/src/libcamera/src/ipa/rpi/pisp/data/ov5647.json to /home/pi/picam_ws/install/libcamera/share/libcamera/ipa/rpi/pisp
[747.981s] Installing /home/pi/picam_ws/src/libcamera/src/ipa/rpi/pisp/data/ov5647_noir.json to /home/pi/picam_ws/install/libcamera/share/libcamera/ipa/rpi/pisp
[747.982s] Installing /home/pi/picam_ws/src/libcamera/src/ipa/rpi/pisp/data/ov64a40.json to /home/pi/picam_ws/install/libcamera/share/libcamera/ipa/rpi/pisp
[747.984s] Installing /home/pi/picam_ws/src/libcamera/src/ipa/rpi/pisp/data/ov9281_mono.json to /home/pi/picam_ws/install/libcamera/share/libcamera/ipa/rpi/pisp
[747.985s] Installing /home/pi/picam_ws/src/libcamera/src/ipa/rpi/pisp/data/se327m12.json to /home/pi/picam_ws/install/libcamera/share/libcamera/ipa/rpi/pisp
[747.987s] Installing /home/pi/picam_ws/src/libcamera/src/ipa/rpi/pisp/data/uncalibrated.json to /home/pi/picam_ws/install/libcamera/share/libcamera/ipa/rpi/pisp
[747.989s] Installing /home/pi/picam_ws/src/libcamera/src/ipa/rpi/vc4/data/imx219.json to /home/pi/picam_ws/install/libcamera/share/libcamera/ipa/rpi/vc4
[747.991s] Installing /home/pi/picam_ws/src/libcamera/src/ipa/rpi/vc4/data/imx219_noir.json to /home/pi/picam_ws/install/libcamera/share/libcamera/ipa/rpi/vc4
[747.992s] Installing /home/pi/picam_ws/src/libcamera/src/ipa/rpi/vc4/data/imx283.json to /home/pi/picam_ws/install/libcamera/share/libcamera/ipa/rpi/vc4
[747.994s] Installing /home/pi/picam_ws/src/libcamera/src/ipa/rpi/vc4/data/imx290.json to /home/pi/picam_ws/install/libcamera/share/libcamera/ipa/rpi/vc4
[747.995s] Installing /home/pi/picam_ws/src/libcamera/src/ipa/rpi/vc4/data/imx296.json to /home/pi/picam_ws/install/libcamera/share/libcamera/ipa/rpi/vc4
[747.997s] Installing /home/pi/picam_ws/src/libcamera/src/ipa/rpi/vc4/data/imx296_mono.json to /home/pi/picam_ws/install/libcamera/share/libcamera/ipa/rpi/vc4
[747.998s] Installing /home/pi/picam_ws/src/libcamera/src/ipa/rpi/vc4/data/imx327.json to /home/pi/picam_ws/install/libcamera/share/libcamera/ipa/rpi/vc4
[748.000s] Installing /home/pi/picam_ws/src/libcamera/src/ipa/rpi/vc4/data/imx378.json to /home/pi/picam_ws/install/libcamera/share/libcamera/ipa/rpi/vc4
[748.001s] Installing /home/pi/picam_ws/src/libcamera/src/ipa/rpi/vc4/data/imx415.json to /home/pi/picam_ws/install/libcamera/share/libcamera/ipa/rpi/vc4
[748.003s] Installing /home/pi/picam_ws/src/libcamera/src/ipa/rpi/vc4/data/imx462.json to /home/pi/picam_ws/install/libcamera/share/libcamera/ipa/rpi/vc4
[748.004s] Installing /home/pi/picam_ws/src/libcamera/src/ipa/rpi/vc4/data/imx477.json to /home/pi/picam_ws/install/libcamera/share/libcamera/ipa/rpi/vc4
[748.005s] Installing /home/pi/picam_ws/src/libcamera/src/ipa/rpi/vc4/data/imx477_noir.json to /home/pi/picam_ws/install/libcamera/share/libcamera/ipa/rpi/vc4
[748.007s] Installing /home/pi/picam_ws/src/libcamera/src/ipa/rpi/vc4/data/imx477_scientific.json to /home/pi/picam_ws/install/libcamera/share/libcamera/ipa/rpi/vc4
[748.008s] Installing /home/pi/picam_ws/src/libcamera/src/ipa/rpi/vc4/data/imx500.json to /home/pi/picam_ws/install/libcamera/share/libcamera/ipa/rpi/vc4
[748.010s] Installing /home/pi/picam_ws/src/libcamera/src/ipa/rpi/vc4/data/imx519.json to /home/pi/picam_ws/install/libcamera/share/libcamera/ipa/rpi/vc4
[748.011s] Installing /home/pi/picam_ws/src/libcamera/src/ipa/rpi/vc4/data/imx708.json to /home/pi/picam_ws/install/libcamera/share/libcamera/ipa/rpi/vc4
[748.013s] Installing /home/pi/picam_ws/src/libcamera/src/ipa/rpi/vc4/data/imx708_noir.json to /home/pi/picam_ws/install/libcamera/share/libcamera/ipa/rpi/vc4
[748.015s] Installing /home/pi/picam_ws/src/libcamera/src/ipa/rpi/vc4/data/imx708_wide.json to /home/pi/picam_ws/install/libcamera/share/libcamera/ipa/rpi/vc4
[748.016s] Installing /home/pi/picam_ws/src/libcamera/src/ipa/rpi/vc4/data/imx708_wide_noir.json to /home/pi/picam_ws/install/libcamera/share/libcamera/ipa/rpi/vc4
[748.018s] Installing /home/pi/picam_ws/src/libcamera/src/ipa/rpi/vc4/data/ov5647.json to /home/pi/picam_ws/install/libcamera/share/libcamera/ipa/rpi/vc4
[748.019s] Installing /home/pi/picam_ws/src/libcamera/src/ipa/rpi/vc4/data/ov5647_noir.json to /home/pi/picam_ws/install/libcamera/share/libcamera/ipa/rpi/vc4
[748.021s] Installing /home/pi/picam_ws/src/libcamera/src/ipa/rpi/vc4/data/ov64a40.json to /home/pi/picam_ws/install/libcamera/share/libcamera/ipa/rpi/vc4
[748.022s] Installing /home/pi/picam_ws/src/libcamera/src/ipa/rpi/vc4/data/ov7251_mono.json to /home/pi/picam_ws/install/libcamera/share/libcamera/ipa/rpi/vc4
[748.023s] Installing /home/pi/picam_ws/src/libcamera/src/ipa/rpi/vc4/data/ov9281_mono.json to /home/pi/picam_ws/install/libcamera/share/libcamera/ipa/rpi/vc4
[748.025s] Installing /home/pi/picam_ws/src/libcamera/src/ipa/rpi/vc4/data/se327m12.json to /home/pi/picam_ws/install/libcamera/share/libcamera/ipa/rpi/vc4
[748.026s] Installing /home/pi/picam_ws/src/libcamera/src/ipa/rpi/vc4/data/uncalibrated.json to /home/pi/picam_ws/install/libcamera/share/libcamera/ipa/rpi/vc4
[748.028s] Installing /home/pi/picam_ws/src/libcamera/src/ipa/simple/data/uncalibrated.yaml to /home/pi/picam_ws/install/libcamera/share/libcamera/ipa/simple
[748.030s] Installing /home/pi/picam_ws/src/libcamera/src/py/libcamera/__init__.py to /home/pi/picam_ws/install/libcamera/lib/python3.12/site-packages/libcamera
[748.031s] Installing /home/pi/picam_ws/build/libcamera/src/v4l2/libcamerify to /home/pi/picam_ws/install/libcamera/bin
[748.034s] Installing symlink pointing to libcamera-base.so.0.5.1 to /home/pi/picam_ws/install/libcamera/lib/libcamera-base.so.0.5
[748.035s] Installing symlink pointing to libcamera-base.so.0.5 to /home/pi/picam_ws/install/libcamera/lib/libcamera-base.so
[748.036s] Installing symlink pointing to libcamera.so.0.5.1 to /home/pi/picam_ws/install/libcamera/lib/libcamera.so.0.5
[748.036s] Installing symlink pointing to libcamera.so.0.5 to /home/pi/picam_ws/install/libcamera/lib/libcamera.so
[748.039s] Running custom install script '/home/pi/picam_ws/src/libcamera/src/ipa/ipa-sign-install.sh /home/pi/picam_ws/build/libcamera/src/ipa-priv-key.pem lib/libcamera/ipa/ipa_mali_c55.so lib/libcamera/ipa/ipa_rkisp1.so lib/libcamera/ipa/ipa_rpi_pisp.so lib/libcamera/ipa/ipa_rpi_vc4.so lib/libcamera/ipa/ipa_soft_simple.so'
[748.056s] Regenerating IPA modules signatures
[748.516s] Invoked command in '/home/pi/picam_ws/build/libcamera' returned '0': /usr/bin/meson install
