[0.052s] Invoking command in '/home/pi/camera_ws/build/camera_ros': CMAKE_PREFIX_PATH=${CMAKE_PREFIX_PATH}:/opt/ros/jazzy LD_LIBRARY_PATH=/home/pi/camera_ws/install/libcamera/lib:${LD_LIBRARY_PATH} PATH=/home/pi/camera_ws/install/libcamera/bin:${PATH} PKG_CONFIG_PATH=/home/pi/camera_ws/install/libcamera/lib/pkgconfig PYTHONPATH=/home/pi/camera_ws/install/libcamera/lib/python3.12/site-packages:${PYTHONPATH} /usr/bin/cmake /home/pi/camera_ws/src/camera_ros -DCMAKE_INSTALL_PREFIX=/home/pi/camera_ws/install/camera_ros
[0.394s] -- The C compiler identification is GNU 13.3.0
[0.720s] -- The CXX compiler identification is GNU 13.3.0
[0.816s] -- Detecting C compiler ABI info
[1.369s] -- Detecting C compiler ABI info - done
[1.410s] -- Check for working C compiler: /usr/bin/cc - skipped
[1.411s] -- Detecting C compile features
[1.413s] -- Detecting C compile features - done
[1.467s] -- Detecting CXX compiler ABI info
[2.049s] -- Detecting CXX compiler ABI info - done
[2.091s] -- Check for working CXX compiler: /usr/bin/c++ - skipped
[2.093s] -- Detecting CXX compile features
[2.095s] -- Detecting CXX compile features - done
[2.149s] -- Found ament_cmake: 2.5.4 (/opt/ros/jazzy/share/ament_cmake/cmake)
[3.015s] -- Found Python3: /usr/bin/python3 (found version "3.12.3") found components: Interpreter 
[3.858s] -- Found PkgConfig: /usr/bin/pkg-config (found version "1.8.1") 
[3.899s] -- Found rclcpp: 28.1.10 (/opt/ros/jazzy/share/rclcpp/cmake)
[4.385s] -- Found rosidl_generator_c: 4.6.5 (/opt/ros/jazzy/share/rosidl_generator_c/cmake)
[4.523s] -- Found rosidl_generator_cpp: 4.6.5 (/opt/ros/jazzy/share/rosidl_generator_cpp/cmake)
[4.695s] -- Using all available rosidl_typesupport_c: rosidl_typesupport_fastrtps_c;rosidl_typesupport_introspection_c
[4.868s] -- Using all available rosidl_typesupport_cpp: rosidl_typesupport_fastrtps_cpp;rosidl_typesupport_introspection_cpp
[5.510s] -- Found rmw_implementation_cmake: 7.3.2 (/opt/ros/jazzy/share/rmw_implementation_cmake/cmake)
[5.548s] -- Found rmw_fastrtps_cpp: 8.4.2 (/opt/ros/jazzy/share/rmw_fastrtps_cpp/cmake)
[6.209s] -- Found OpenSSL: /usr/lib/aarch64-linux-gnu/libcrypto.so (found version "3.0.13")  
[6.335s] -- Found FastRTPS: /opt/ros/jazzy/include (Required is at least version "2.13") 
[6.443s] -- Using RMW implementation 'rmw_fastrtps_cpp' as default
[6.979s] -- Found rclcpp_components: 28.1.10 (/opt/ros/jazzy/share/rclcpp_components/cmake)
[7.323s] -- Found sensor_msgs: 5.3.6 (/opt/ros/jazzy/share/sensor_msgs/cmake)
[7.709s] -- Found camera_info_manager: 5.1.7 (/opt/ros/jazzy/share/camera_info_manager/cmake)
[7.775s] -- Setting yaml-cpp_DIR to: '/opt/ros/jazzy/share/yaml_cpp_vendor/cmake/../../../opt/yaml_cpp_vendor/share/cmake/yaml-cpp'
[8.053s] -- Found cv_bridge: 4.1.0 (/opt/ros/jazzy/share/cv_bridge/cmake)
[8.141s] -- Checking for module 'libcamera>=0.1'
[8.234s] --   Found libcamera, version 0.5.1
[8.511s] -- Found ament_lint_auto: 0.17.2 (/opt/ros/jazzy/share/ament_lint_auto/cmake)
[9.506s] -- Added test 'clang_format' to check C / C++ code style
[9.553s] -- Added test 'cppcheck' to perform static code analysis on C / C++ code
[9.554s] -- Configured cppcheck include dirs: 
[9.554s] -- Configured cppcheck exclude dirs and/or files: 
[9.563s] -- Added test 'flake8' to check Python code syntax and style conventions
[9.564s] -- Configured 'flake8' exclude dirs and/or files: 
[9.577s] -- Added test 'lint_cmake' to check CMake code style
[9.585s] -- Added test 'mypy' to statically type check Python code.
[9.594s] -- Added test 'pep257' to check Python code against some of the docstring style conventions in PEP 257
[9.602s] -- Added test 'pyflakes' to perform static code analysis on Python code
[9.611s] -- Added test 'xmllint' to check XML markup files
[9.625s] -- Configuring done (9.5s)
[9.776s] -- Generating done (0.1s)
[9.807s] -- Build files have been written to: /home/pi/camera_ws/build/camera_ros
[9.859s] Invoked command in '/home/pi/camera_ws/build/camera_ros' returned '0': CMAKE_PREFIX_PATH=${CMAKE_PREFIX_PATH}:/opt/ros/jazzy LD_LIBRARY_PATH=/home/pi/camera_ws/install/libcamera/lib:${LD_LIBRARY_PATH} PATH=/home/pi/camera_ws/install/libcamera/bin:${PATH} PKG_CONFIG_PATH=/home/pi/camera_ws/install/libcamera/lib/pkgconfig PYTHONPATH=/home/pi/camera_ws/install/libcamera/lib/python3.12/site-packages:${PYTHONPATH} /usr/bin/cmake /home/pi/camera_ws/src/camera_ros -DCMAKE_INSTALL_PREFIX=/home/pi/camera_ws/install/camera_ros
[9.867s] Invoking command in '/home/pi/camera_ws/build/camera_ros': CMAKE_PREFIX_PATH=${CMAKE_PREFIX_PATH}:/opt/ros/jazzy LD_LIBRARY_PATH=/home/pi/camera_ws/install/libcamera/lib:${LD_LIBRARY_PATH} PATH=/home/pi/camera_ws/install/libcamera/bin:${PATH} PKG_CONFIG_PATH=/home/pi/camera_ws/install/libcamera/lib/pkgconfig PYTHONPATH=/home/pi/camera_ws/install/libcamera/lib/python3.12/site-packages:${PYTHONPATH} /usr/bin/cmake --build /home/pi/camera_ws/build/camera_ros -- -j4 -l4
[10.191s] [  7%] [32mBuilding CXX object CMakeFiles/utils.dir/src/format_mapping.cpp.o[0m
[10.194s] [ 23%] [32mBuilding CXX object CMakeFiles/utils.dir/src/pretty_print.cpp.o[0m
[10.195s] [ 23%] [32mBuilding CXX object CMakeFiles/param.dir/src/clamp.cpp.o[0m
[10.205s] [ 30%] [32mBuilding CXX object CMakeFiles/camera_node.dir/rclcpp_components/node_main_camera_node.cpp.o[0m
[17.160s] [ 38%] [32mBuilding CXX object CMakeFiles/param.dir/src/cv_to_pv.cpp.o[0m
[19.829s] [ 46%] [32mBuilding CXX object CMakeFiles/param.dir/src/pv_to_cv.cpp.o[0m
[27.810s] [ 46%] Built target utils
[27.884s] [ 53%] [32mBuilding CXX object CMakeFiles/param.dir/src/types.cpp.o[0m
[28.282s] [ 61%] [32mBuilding CXX object CMakeFiles/param.dir/src/type_extent.cpp.o[0m
[31.603s] [ 69%] [32mBuilding CXX object CMakeFiles/param.dir/src/ParameterHandler.cpp.o[0m
[32.975s] [ 76%] [32mBuilding CXX object CMakeFiles/param.dir/src/ParameterConflictHandler.cpp.o[0m
[41.386s] [ 84%] [32m[1mLinking CXX executable camera_node[0m
[42.528s] [ 84%] Built target camera_node
[52.837s] [ 84%] Built target param
[52.969s] [ 92%] [32mBuilding CXX object CMakeFiles/camera_component.dir/src/CameraNode.cpp.o[0m
[98.007s] [100%] [32m[1mLinking CXX shared library libcamera_component.so[0m
[101.132s] [100%] Built target camera_component
[101.201s] Invoked command in '/home/pi/camera_ws/build/camera_ros' returned '0': CMAKE_PREFIX_PATH=${CMAKE_PREFIX_PATH}:/opt/ros/jazzy LD_LIBRARY_PATH=/home/pi/camera_ws/install/libcamera/lib:${LD_LIBRARY_PATH} PATH=/home/pi/camera_ws/install/libcamera/bin:${PATH} PKG_CONFIG_PATH=/home/pi/camera_ws/install/libcamera/lib/pkgconfig PYTHONPATH=/home/pi/camera_ws/install/libcamera/lib/python3.12/site-packages:${PYTHONPATH} /usr/bin/cmake --build /home/pi/camera_ws/build/camera_ros -- -j4 -l4
[101.258s] Invoking command in '/home/pi/camera_ws/build/camera_ros': CMAKE_PREFIX_PATH=${CMAKE_PREFIX_PATH}:/opt/ros/jazzy LD_LIBRARY_PATH=/home/pi/camera_ws/install/libcamera/lib:${LD_LIBRARY_PATH} PATH=/home/pi/camera_ws/install/libcamera/bin:${PATH} PKG_CONFIG_PATH=/home/pi/camera_ws/install/libcamera/lib/pkgconfig PYTHONPATH=/home/pi/camera_ws/install/libcamera/lib/python3.12/site-packages:${PYTHONPATH} /usr/bin/cmake --install /home/pi/camera_ws/build/camera_ros
[101.305s] -- Install configuration: ""
[101.306s] -- Installing: /home/pi/camera_ws/install/camera_ros/lib/camera_ros/camera_node
[101.311s] -- Set non-toolchain portion of runtime path of "/home/pi/camera_ws/install/camera_ros/lib/camera_ros/camera_node" to ""
[101.312s] -- Installing: /home/pi/camera_ws/install/camera_ros/share/camera_ros/environment/library_path.sh
[101.314s] -- Installing: /home/pi/camera_ws/install/camera_ros/share/camera_ros/environment/library_path.dsv
[101.315s] -- Installing: /home/pi/camera_ws/install/camera_ros/lib/libcamera_component.so
[101.361s] -- Set non-toolchain portion of runtime path of "/home/pi/camera_ws/install/camera_ros/lib/libcamera_component.so" to ""
[101.362s] -- Installing: /home/pi/camera_ws/install/camera_ros/share/camera_ros//launch
[101.363s] -- Installing: /home/pi/camera_ws/install/camera_ros/share/camera_ros//launch/camera.launch.py
[101.365s] -- Installing: /home/pi/camera_ws/install/camera_ros/share/ament_index/resource_index/package_run_dependencies/camera_ros
[101.366s] -- Installing: /home/pi/camera_ws/install/camera_ros/share/ament_index/resource_index/parent_prefix_path/camera_ros
[101.368s] -- Installing: /home/pi/camera_ws/install/camera_ros/share/camera_ros/environment/ament_prefix_path.sh
[101.369s] -- Installing: /home/pi/camera_ws/install/camera_ros/share/camera_ros/environment/ament_prefix_path.dsv
[101.371s] -- Installing: /home/pi/camera_ws/install/camera_ros/share/camera_ros/environment/path.sh
[101.372s] -- Installing: /home/pi/camera_ws/install/camera_ros/share/camera_ros/environment/path.dsv
[101.373s] -- Installing: /home/pi/camera_ws/install/camera_ros/share/camera_ros/local_setup.bash
[101.374s] -- Installing: /home/pi/camera_ws/install/camera_ros/share/camera_ros/local_setup.sh
[101.376s] -- Installing: /home/pi/camera_ws/install/camera_ros/share/camera_ros/local_setup.zsh
[101.377s] -- Installing: /home/pi/camera_ws/install/camera_ros/share/camera_ros/local_setup.dsv
[101.378s] -- Installing: /home/pi/camera_ws/install/camera_ros/share/camera_ros/package.dsv
[101.380s] -- Installing: /home/pi/camera_ws/install/camera_ros/share/ament_index/resource_index/packages/camera_ros
[101.382s] -- Installing: /home/pi/camera_ws/install/camera_ros/share/ament_index/resource_index/rclcpp_components/camera_ros
[101.384s] -- Installing: /home/pi/camera_ws/install/camera_ros/share/camera_ros/cmake/camera_componentTargetsExport.cmake
[101.385s] -- Installing: /home/pi/camera_ws/install/camera_ros/share/camera_ros/cmake/camera_componentTargetsExport-noconfig.cmake
[101.386s] -- Installing: /home/pi/camera_ws/install/camera_ros/share/camera_ros/cmake/ament_cmake_export_targets-extras.cmake
[101.388s] -- Installing: /home/pi/camera_ws/install/camera_ros/share/camera_ros/cmake/ament_cmake_export_dependencies-extras.cmake
[101.389s] -- Installing: /home/pi/camera_ws/install/camera_ros/share/camera_ros/cmake/camera_rosConfig.cmake
[101.390s] -- Installing: /home/pi/camera_ws/install/camera_ros/share/camera_ros/cmake/camera_rosConfig-version.cmake
[101.392s] -- Installing: /home/pi/camera_ws/install/camera_ros/share/camera_ros/package.xml
[101.400s] Invoked command in '/home/pi/camera_ws/build/camera_ros' returned '0': CMAKE_PREFIX_PATH=${CMAKE_PREFIX_PATH}:/opt/ros/jazzy LD_LIBRARY_PATH=/home/pi/camera_ws/install/libcamera/lib:${LD_LIBRARY_PATH} PATH=/home/pi/camera_ws/install/libcamera/bin:${PATH} PKG_CONFIG_PATH=/home/pi/camera_ws/install/libcamera/lib/pkgconfig PYTHONPATH=/home/pi/camera_ws/install/libcamera/lib/python3.12/site-packages:${PYTHONPATH} /usr/bin/cmake --install /home/pi/camera_ws/build/camera_ros
